#
# There is insufficient memory for the Java Runtime Environment to continue.
# Native memory allocation (malloc) failed to allocate 32744 bytes for ChunkPool::allocate
# Possible reasons:
#   The system is out of physical RAM or swap space
#   In 32 bit mode, the process size limit was hit
# Possible solutions:
#   Reduce memory load on the system
#   Increase physical memory or swap space
#   Check if swap backing store is full
#   Use 64 bit Java on a 64 bit OS
#   Decrease Java heap size (-Xmx/-Xms)
#   Decrease number of Java threads
#   Decrease Java thread stack sizes (-Xss)
#   Set larger code cache with -XX:ReservedCodeCacheSize=
# This output file may be truncated or incomplete.
#
#  Out of Memory Error (allocation.cpp:273), pid=17644, tid=0x000000000000288c
#
# JRE version: Java(TM) SE Runtime Environment (8.0_181-b13) (build 1.8.0_181-b13)
# Java VM: Java HotSpot(TM) 64-Bit Server VM (25.181-b13 mixed mode windows-amd64 compressed oops)
# Failed to write core dump. Minidumps are not enabled by default on client versions of Windows
#

---------------  T H R E A D  ---------------

Current thread (0x0000000021183000):  JavaThread "C1 CompilerThread3" daemon [_thread_in_native, id=10380, stack(0x0000000021d90000,0x0000000021e90000)]

Stack: [0x0000000021d90000,0x0000000021e90000]
[error occurred during error reporting (printing stack bounds), id 0xc0000005]

Native frames: (J=compiled Java code, j=interpreted, Vv=VM code, C=native code)


Current CompileTask:
C1:   7350 4398       3       org.springframework.util.MimeType::isWildcardType (10 bytes)


---------------  P R O C E S S  ---------------

Java Threads: ( => current thread )
  0x000000002843c000 JavaThread "Druid-ConnectionPool-Destroy-1019714562" daemon [_thread_blocked, id=7216, stack(0x000000002bd10000,0x000000002be10000)]
  0x0000000028533000 JavaThread "Druid-ConnectionPool-Create-1019714562" daemon [_thread_blocked, id=26224, stack(0x0000000026ae0000,0x0000000026be0000)]
  0x0000000025d6d800 JavaThread "mysql-cj-abandoned-connection-cleanup" daemon [_thread_blocked, id=15112, stack(0x0000000026e00000,0x0000000026f00000)]
  0x0000000025b0e000 JavaThread "container-0" [_thread_blocked, id=25840, stack(0x00000000294b0000,0x00000000295b0000)]
  0x0000000029f80800 JavaThread "Catalina-utility-2" [_thread_blocked, id=14972, stack(0x0000000026f00000,0x0000000027000000)]
  0x0000000028d23000 JavaThread "Catalina-utility-1" [_thread_blocked, id=31572, stack(0x0000000025760000,0x0000000025860000)]
  0x0000000021218800 JavaThread "Service Thread" daemon [_thread_blocked, id=25164, stack(0x0000000021e90000,0x0000000021f90000)]
=>0x0000000021183000 JavaThread "C1 CompilerThread3" daemon [_thread_in_native, id=10380, stack(0x0000000021d90000,0x0000000021e90000)]
  0x000000002117a000 JavaThread "C2 CompilerThread2" daemon [_thread_in_native, id=31976, stack(0x0000000021c90000,0x0000000021d90000)]
  0x0000000021179800 JavaThread "C2 CompilerThread1" daemon [_thread_in_native, id=31424, stack(0x0000000021b90000,0x0000000021c90000)]
  0x0000000021152800 JavaThread "C2 CompilerThread0" daemon [_thread_in_native, id=29948, stack(0x0000000021a90000,0x0000000021b90000)]
  0x0000000021141800 JavaThread "JDWP Command Reader" daemon [_thread_in_native, id=17452, stack(0x0000000021990000,0x0000000021a90000)]
  0x000000002113c800 JavaThread "JDWP Event Helper Thread" daemon [_thread_blocked, id=31384, stack(0x0000000021890000,0x0000000021990000)]
  0x000000001f1ad000 JavaThread "JDWP Transport Listener: dt_socket" daemon [_thread_blocked, id=25872, stack(0x0000000021790000,0x0000000021890000)]
  0x00000000210d5800 JavaThread "Attach Listener" daemon [_thread_blocked, id=21952, stack(0x0000000021690000,0x0000000021790000)]
  0x00000000210d4800 JavaThread "Signal Dispatcher" daemon [_thread_blocked, id=13048, stack(0x0000000021590000,0x0000000021690000)]
  0x00000000210b0800 JavaThread "Finalizer" daemon [_thread_blocked, id=31760, stack(0x0000000021490000,0x0000000021590000)]
  0x000000001f19e000 JavaThread "Reference Handler" daemon [_thread_blocked, id=32204, stack(0x0000000020f90000,0x0000000021090000)]
  0x0000000002f98000 JavaThread "main" [_thread_in_vm, id=11412, stack(0x0000000002e00000,0x0000000002f00000)]

Other Threads:
  0x000000000308e800 VMThread [stack: 0x0000000020e90000,0x0000000020f90000] [id=17196]
  0x0000000021267000 WatcherThread [stack: 0x0000000021f90000,0x0000000022090000] [id=32748]

VM state:not at safepoint (normal execution)

VM Mutex/Monitor currently owned by a thread: None

Heap:
 PSYoungGen      total 172544K, used 90910K [0x0000000756180000, 0x0000000764b80000, 0x00000007c0000000)
  eden space 159232K, 57% used [0x0000000756180000,0x000000075ba47ac0,0x000000075fd00000)
  from space 13312K, 0% used [0x000000075fd00000,0x000000075fd00000,0x0000000760a00000)
  to   space 14848K, 0% used [0x0000000763d00000,0x0000000763d00000,0x0000000764b80000)
 ParOldGen       total 176128K, used 16845K [0x0000000682400000, 0x000000068d000000, 0x0000000756180000)
  object space 176128K, 9% used [0x0000000682400000,0x0000000683473608,0x000000068d000000)
 Metaspace       used 40687K, capacity 42806K, committed 43008K, reserved 1087488K
  class space    used 5001K, capacity 5349K, committed 5376K, reserved 1048576K

Card table byte_map: [0x0000000012650000,0x0000000013040000] byte_map_base: 0x000000000f23e000

Marking Bits: (ParMarkBitMap*) 0x000000006db32d00
 Begin Bits: [0x0000000013ee0000, 0x0000000018e50000)
 End Bits:   [0x0000000018e50000, 0x000000001ddc0000)

Polling page: 0x0000000001180000

CodeCache: size=245760Kb used=14589Kb max_used=14589Kb free=231170Kb
 bounds [0x0000000003290000, 0x00000000040e0000, 0x0000000012290000]
 total_blobs=4325 nmethods=3889 adapters=356
 compilation: enabled

Compilation events (10 events):
Event: 7.321 Thread 0x0000000021183000 nmethod 4393 0x00000000040dba10 code [0x00000000040dbb80, 0x00000000040dbef0]
Event: 7.322 Thread 0x0000000021183000 4394       1       org.springframework.util.MimeType::getType (5 bytes)
Event: 7.322 Thread 0x0000000021183000 nmethod 4394 0x0000000003ea9d90 code [0x0000000003ea9ee0, 0x0000000003ea9ff0]
Event: 7.330 Thread 0x0000000021183000 4395       3       java.util.concurrent.ConcurrentHashMap::tableSizeFor (59 bytes)
Event: 7.330 Thread 0x0000000021183000 nmethod 4395 0x00000000040dc090 code [0x00000000040dc200, 0x00000000040dc410]
Event: 7.333 Thread 0x0000000021183000 4396       1       org.springframework.util.MimeType::getSubtype (5 bytes)
Event: 7.333 Thread 0x0000000021183000 nmethod 4396 0x00000000040dc490 code [0x00000000040dc5e0, 0x00000000040dc6f0]
Event: 7.348 Thread 0x0000000021183000 4397       1       java.util.Collections$EmptyMap::hashCode (2 bytes)
Event: 7.348 Thread 0x0000000021183000 nmethod 4397 0x00000000040dc750 code [0x00000000040dc8a0, 0x00000000040dc9b0]
Event: 7.348 Thread 0x0000000021183000 4398       3       org.springframework.util.MimeType::isWildcardType (10 bytes)

GC Heap History (10 events):
Event: 2.479 GC heap before
{Heap before GC invocations=3 (full 0):
 PSYoungGen      total 95232K, used 24916K [0x0000000756180000, 0x0000000761b80000, 0x00000007c0000000)
  eden space 81920K, 14% used [0x0000000756180000,0x0000000756d44180,0x000000075b180000)
  from space 13312K, 96% used [0x000000075be80000,0x000000075cb11120,0x000000075cb80000)
  to   space 13312K, 0% used [0x000000075b180000,0x000000075b180000,0x000000075be80000)
 ParOldGen       total 217088K, used 32K [0x0000000682400000, 0x000000068f800000, 0x0000000756180000)
  object space 217088K, 0% used [0x0000000682400000,0x0000000682408000,0x000000068f800000)
 Metaspace       used 20365K, capacity 21170K, committed 21296K, reserved 1069056K
  class space    used 2511K, capacity 2677K, committed 2688K, reserved 1048576K
Event: 2.483 GC heap after
Heap after GC invocations=3 (full 0):
 PSYoungGen      total 95232K, used 7091K [0x0000000756180000, 0x0000000761b80000, 0x00000007c0000000)
  eden space 81920K, 0% used [0x0000000756180000,0x0000000756180000,0x000000075b180000)
  from space 13312K, 53% used [0x000000075b180000,0x000000075b86cca0,0x000000075be80000)
  to   space 13312K, 0% used [0x0000000760e80000,0x0000000760e80000,0x0000000761b80000)
 ParOldGen       total 217088K, used 40K [0x0000000682400000, 0x000000068f800000, 0x0000000756180000)
  object space 217088K, 0% used [0x0000000682400000,0x000000068240a000,0x000000068f800000)
 Metaspace       used 20365K, capacity 21170K, committed 21296K, reserved 1069056K
  class space    used 2511K, capacity 2677K, committed 2688K, reserved 1048576K
}
Event: 2.483 GC heap before
{Heap before GC invocations=4 (full 1):
 PSYoungGen      total 95232K, used 7091K [0x0000000756180000, 0x0000000761b80000, 0x00000007c0000000)
  eden space 81920K, 0% used [0x0000000756180000,0x0000000756180000,0x000000075b180000)
  from space 13312K, 53% used [0x000000075b180000,0x000000075b86cca0,0x000000075be80000)
  to   space 13312K, 0% used [0x0000000760e80000,0x0000000760e80000,0x0000000761b80000)
 ParOldGen       total 217088K, used 40K [0x0000000682400000, 0x000000068f800000, 0x0000000756180000)
  object space 217088K, 0% used [0x0000000682400000,0x000000068240a000,0x000000068f800000)
 Metaspace       used 20365K, capacity 21170K, committed 21296K, reserved 1069056K
  class space    used 2511K, capacity 2677K, committed 2688K, reserved 1048576K
Event: 2.509 GC heap after
Heap after GC invocations=4 (full 1):
 PSYoungGen      total 95232K, used 0K [0x0000000756180000, 0x0000000761b80000, 0x00000007c0000000)
  eden space 81920K, 0% used [0x0000000756180000,0x0000000756180000,0x000000075b180000)
  from space 13312K, 0% used [0x000000075b180000,0x000000075b180000,0x000000075be80000)
  to   space 13312K, 0% used [0x0000000760e80000,0x0000000760e80000,0x0000000761b80000)
 ParOldGen       total 117248K, used 6918K [0x0000000682400000, 0x0000000689680000, 0x0000000756180000)
  object space 117248K, 5% used [0x0000000682400000,0x0000000682ac1a00,0x0000000689680000)
 Metaspace       used 20364K, capacity 21164K, committed 21296K, reserved 1069056K
  class space    used 2511K, capacity 2676K, committed 2688K, reserved 1048576K
}
Event: 3.413 GC heap before
{Heap before GC invocations=5 (full 1):
 PSYoungGen      total 95232K, used 81920K [0x0000000756180000, 0x0000000761b80000, 0x00000007c0000000)
  eden space 81920K, 100% used [0x0000000756180000,0x000000075b180000,0x000000075b180000)
  from space 13312K, 0% used [0x000000075b180000,0x000000075b180000,0x000000075be80000)
  to   space 13312K, 0% used [0x0000000760e80000,0x0000000760e80000,0x0000000761b80000)
 ParOldGen       total 117248K, used 6918K [0x0000000682400000, 0x0000000689680000, 0x0000000756180000)
  object space 117248K, 5% used [0x0000000682400000,0x0000000682ac1a00,0x0000000689680000)
 Metaspace       used 25454K, capacity 26492K, committed 26752K, reserved 1073152K
  class space    used 3145K, capacity 3362K, committed 3456K, reserved 1048576K
Event: 3.422 GC heap after
Heap after GC invocations=5 (full 1):
 PSYoungGen      total 141824K, used 8469K [0x0000000756180000, 0x0000000761700000, 0x00000007c0000000)
  eden space 133120K, 0% used [0x0000000756180000,0x0000000756180000,0x000000075e380000)
  from space 8704K, 97% used [0x0000000760e80000,0x00000007616c56d0,0x0000000761700000)
  to   space 13312K, 0% used [0x000000075fd00000,0x000000075fd00000,0x0000000760a00000)
 ParOldGen       total 117248K, used 6926K [0x0000000682400000, 0x0000000689680000, 0x0000000756180000)
  object space 117248K, 5% used [0x0000000682400000,0x0000000682ac3a00,0x0000000689680000)
 Metaspace       used 25454K, capacity 26492K, committed 26752K, reserved 1073152K
  class space    used 3145K, capacity 3362K, committed 3456K, reserved 1048576K
}
Event: 6.005 GC heap before
{Heap before GC invocations=6 (full 1):
 PSYoungGen      total 141824K, used 127964K [0x0000000756180000, 0x0000000761700000, 0x00000007c0000000)
  eden space 133120K, 89% used [0x0000000756180000,0x000000075d631d08,0x000000075e380000)
  from space 8704K, 97% used [0x0000000760e80000,0x00000007616c56d0,0x0000000761700000)
  to   space 13312K, 0% used [0x000000075fd00000,0x000000075fd00000,0x0000000760a00000)
 ParOldGen       total 117248K, used 6926K [0x0000000682400000, 0x0000000689680000, 0x0000000756180000)
  object space 117248K, 5% used [0x0000000682400000,0x0000000682ac3a00,0x0000000689680000)
 Metaspace       used 33720K, capacity 35336K, committed 35456K, reserved 1081344K
  class space    used 4143K, capacity 4428K, committed 4480K, reserved 1048576K
Event: 6.016 GC heap after
Heap after GC invocations=6 (full 1):
 PSYoungGen      total 172544K, used 11853K [0x0000000756180000, 0x0000000764b80000, 0x00000007c0000000)
  eden space 159232K, 0% used [0x0000000756180000,0x0000000756180000,0x000000075fd00000)
  from space 13312K, 89% used [0x000000075fd00000,0x0000000760893510,0x0000000760a00000)
  to   space 14848K, 0% used [0x0000000763d00000,0x0000000763d00000,0x0000000764b80000)
 ParOldGen       total 117248K, used 6934K [0x0000000682400000, 0x0000000689680000, 0x0000000756180000)
  object space 117248K, 5% used [0x0000000682400000,0x0000000682ac5a00,0x0000000689680000)
 Metaspace       used 33720K, capacity 35336K, committed 35456K, reserved 1081344K
  class space    used 4143K, capacity 4428K, committed 4480K, reserved 1048576K
}
Event: 6.016 GC heap before
{Heap before GC invocations=7 (full 2):
 PSYoungGen      total 172544K, used 11853K [0x0000000756180000, 0x0000000764b80000, 0x00000007c0000000)
  eden space 159232K, 0% used [0x0000000756180000,0x0000000756180000,0x000000075fd00000)
  from space 13312K, 89% used [0x000000075fd00000,0x0000000760893510,0x0000000760a00000)
  to   space 14848K, 0% used [0x0000000763d00000,0x0000000763d00000,0x0000000764b80000)
 ParOldGen       total 117248K, used 6934K [0x0000000682400000, 0x0000000689680000, 0x0000000756180000)
  object space 117248K, 5% used [0x0000000682400000,0x0000000682ac5a00,0x0000000689680000)
 Metaspace       used 33720K, capacity 35336K, committed 35456K, reserved 1081344K
  class space    used 4143K, capacity 4428K, committed 4480K, reserved 1048576K
Event: 6.056 GC heap after
Heap after GC invocations=7 (full 2):
 PSYoungGen      total 172544K, used 0K [0x0000000756180000, 0x0000000764b80000, 0x00000007c0000000)
  eden space 159232K, 0% used [0x0000000756180000,0x0000000756180000,0x000000075fd00000)
  from space 13312K, 0% used [0x000000075fd00000,0x000000075fd00000,0x0000000760a00000)
  to   space 14848K, 0% used [0x0000000763d00000,0x0000000763d00000,0x0000000764b80000)
 ParOldGen       total 176128K, used 16845K [0x0000000682400000, 0x000000068d000000, 0x0000000756180000)
  object space 176128K, 9% used [0x0000000682400000,0x0000000683473608,0x000000068d000000)
 Metaspace       used 33720K, capacity 35336K, committed 35456K, reserved 1081344K
  class space    used 4143K, capacity 4428K, committed 4480K, reserved 1048576K
}

Deoptimization events (10 events):
Event: 6.431 Thread 0x0000000002f98000 Uncommon trap: reason=bimorphic action=maybe_recompile pc=0x0000000003f95b00 method=java.util.HashMap.putVal(ILjava/lang/Object;Ljava/lang/Object;ZZ)Ljava/lang/Object; @ 253
Event: 6.436 Thread 0x0000000002f98000 Uncommon trap: reason=bimorphic action=maybe_recompile pc=0x0000000003f95b00 method=java.util.HashMap.putVal(ILjava/lang/Object;Ljava/lang/Object;ZZ)Ljava/lang/Object; @ 253
Event: 6.439 Thread 0x0000000002f98000 Uncommon trap: reason=bimorphic action=maybe_recompile pc=0x0000000003ad4160 method=java.util.HashMap.putVal(ILjava/lang/Object;Ljava/lang/Object;ZZ)Ljava/lang/Object; @ 253
Event: 6.481 Thread 0x0000000002f98000 Uncommon trap: reason=unstable_if action=reinterpret pc=0x00000000037d9c20 method=java.util.concurrent.ConcurrentHashMap.transfer([Ljava/util/concurrent/ConcurrentHashMap$Node;[Ljava/util/concurrent/ConcurrentHashMap$Node;)V @ 356
Event: 6.512 Thread 0x0000000002f98000 Uncommon trap: reason=unstable_if action=reinterpret pc=0x0000000003cb83f0 method=sun.reflect.annotation.AnnotationInvocationHandler.invoke(Ljava/lang/Object;Ljava/lang/reflect/Method;[Ljava/lang/Object;)Ljava/lang/Object; @ 19
Event: 6.685 Thread 0x0000000002f98000 Uncommon trap: reason=unstable_if action=reinterpret pc=0x0000000003ad5350 method=java.util.IdentityHashMap.nextKeyIndex(II)I @ 4
Event: 7.002 Thread 0x0000000002f98000 Uncommon trap: reason=unstable_if action=reinterpret pc=0x000000000378c018 method=org.springframework.core.annotation.TypeMappedAnnotations$MergedAnnotationFinder.process(Ljava/lang/Object;ILjava/lang/Object;Ljava/lang/annotation/Annotation;)Lorg/springfr
Event: 7.054 Thread 0x0000000002f98000 Uncommon trap: reason=unstable_if action=reinterpret pc=0x000000000353e01c method=org.springframework.core.annotation.AnnotationsScanner.isWithoutHierarchy(Ljava/lang/reflect/AnnotatedElement;Lorg/springframework/core/annotation/MergedAnnotations$SearchSt
Event: 7.065 Thread 0x0000000002f98000 Uncommon trap: reason=unstable_if action=reinterpret pc=0x000000000370dbc4 method=java.util.concurrent.ConcurrentHashMap.transfer([Ljava/util/concurrent/ConcurrentHashMap$Node;[Ljava/util/concurrent/ConcurrentHashMap$Node;)V @ 356
Event: 7.160 Thread 0x0000000002f98000 Uncommon trap: reason=class_check action=maybe_recompile pc=0x0000000003d67230 method=java.lang.reflect.Method.equals(Ljava/lang/Object;)Z @ 5

Classes redefined (0 events):
No events

Internal exceptions (10 events):
Event: 6.890 Thread 0x0000000002f98000 Exception <a 'java/lang/ClassNotFoundException': org/springframework/web/context/ServletContextAwareCustomizer> (0x0000000759fbdc28) thrown at [C:\re\workspace\8-2-build-windows-amd64-cygwin\jdk8u181\11358\hotspot\src\share\vm\classfile\systemDictionary.c
Event: 6.891 Thread 0x0000000002f98000 Exception <a 'java/lang/ClassNotFoundException': org/springframework/beans/factory/AwareCustomizer> (0x0000000759fd7ef0) thrown at [C:\re\workspace\8-2-build-windows-amd64-cygwin\jdk8u181\11358\hotspot\src\share\vm\classfile\systemDictionary.cpp, line 210
Event: 7.088 Thread 0x0000000002f98000 Exception <a 'java/lang/NoSuchMethodError': java.lang.Object.lambda$comparingInt$7b0bb60$1(Ljava/util/function/ToIntFunction;Ljava/lang/Object;Ljava/lang/Object;)I> (0x000000075a847688) thrown at [C:\re\workspace\8-2-build-windows-amd64-cygwin\jdk8u181\11
Event: 7.089 Thread 0x0000000002f98000 Exception <a 'java/lang/NoSuchMethodError': java.lang.Object.lambda$thenComparing$36697e65$1(Ljava/util/Comparator;Ljava/lang/Object;Ljava/lang/Object;)I> (0x000000075a84f9e8) thrown at [C:\re\workspace\8-2-build-windows-amd64-cygwin\jdk8u181\11358\hotspo
Event: 7.095 Thread 0x0000000002f98000 Exception <a 'java/lang/ClassNotFoundException': java/lang/ObjectCustomizer> (0x000000075a888050) thrown at [C:\re\workspace\8-2-build-windows-amd64-cygwin\jdk8u181\11358\hotspot\src\share\vm\classfile\systemDictionary.cpp, line 210]
Event: 7.096 Thread 0x0000000002f98000 Exception <a 'java/lang/ClassNotFoundException': springfox/documentation/spring/web/plugins/AbstractDocumentationPluginsBootstrapperCustomizer> (0x000000075a8b3888) thrown at [C:\re\workspace\8-2-build-windows-amd64-cygwin\jdk8u181\11358\hotspot\src\share
Event: 7.099 Thread 0x0000000002f98000 Exception <a 'java/lang/ClassNotFoundException': springfox/documentation/spring/web/plugins/DocumentationPluginsBootstrapperCustomizer> (0x000000075a8f7870) thrown at [C:\re\workspace\8-2-build-windows-amd64-cygwin\jdk8u181\11358\hotspot\src\share\vm\clas
Event: 7.100 Thread 0x0000000002f98000 Exception <a 'java/lang/ClassNotFoundException': org/springframework/context/SmartLifecycleCustomizer> (0x000000075a92ecc8) thrown at [C:\re\workspace\8-2-build-windows-amd64-cygwin\jdk8u181\11358\hotspot\src\share\vm\classfile\systemDictionary.cpp, line 
Event: 7.101 Thread 0x0000000002f98000 Exception <a 'java/lang/ClassNotFoundException': org/springframework/context/LifecycleCustomizer> (0x000000075a9492e8) thrown at [C:\re\workspace\8-2-build-windows-amd64-cygwin\jdk8u181\11358\hotspot\src\share\vm\classfile\systemDictionary.cpp, line 210]
Event: 7.102 Thread 0x0000000002f98000 Exception <a 'java/lang/ClassNotFoundException': org/springframework/context/PhasedCustomizer> (0x000000075a961e48) thrown at [C:\re\workspace\8-2-build-windows-amd64-cygwin\jdk8u181\11358\hotspot\src\share\vm\classfile\systemDictionary.cpp, line 210]

Events (10 events):
Event: 7.346 loading class org/springframework/util/concurrent/ListenableFutureCallback
Event: 7.346 loading class org/springframework/util/concurrent/ListenableFutureCallback done
Event: 7.347 loading class org/springframework/util/concurrent/SuccessCallback
Event: 7.347 loading class org/springframework/util/concurrent/SuccessCallback done
Event: 7.347 loading class org/springframework/util/concurrent/FailureCallback
Event: 7.347 loading class org/springframework/util/concurrent/FailureCallback done
Event: 7.347 loading class org/springframework/web/servlet/mvc/method/annotation/AsyncTaskMethodReturnValueHandler
Event: 7.347 loading class org/springframework/web/servlet/mvc/method/annotation/AsyncTaskMethodReturnValueHandler done
Event: 7.348 loading class org/springframework/web/servlet/mvc/method/annotation/ViewNameMethodReturnValueHandler
Event: 7.348 loading class org/springframework/web/servlet/mvc/method/annotation/ViewNameMethodReturnValueHandler done


Dynamic libraries:
0x00007ff7aeb90000 - 0x00007ff7aebc7000 	D:\JavaDevalop\jdk1.8.0_181\bin\java.exe
0x00007ffc80bb0000 - 0x00007ffc80da8000 	C:\WINDOWS\SYSTEM32\ntdll.dll
0x00007ffc7fcc0000 - 0x00007ffc7fd7d000 	C:\WINDOWS\System32\KERNEL32.DLL
0x00007ffc7e760000 - 0x00007ffc7ea32000 	C:\WINDOWS\System32\KERNELBASE.dll
0x00007ffc7ec10000 - 0x00007ffc7ecbe000 	C:\WINDOWS\System32\ADVAPI32.dll
0x00007ffc80590000 - 0x00007ffc8062e000 	C:\WINDOWS\System32\msvcrt.dll
0x00007ffc804d0000 - 0x00007ffc8056c000 	C:\WINDOWS\System32\sechost.dll
0x00007ffc80750000 - 0x00007ffc80875000 	C:\WINDOWS\System32\RPCRT4.dll
0x00007ffc7ed20000 - 0x00007ffc7eebd000 	C:\WINDOWS\System32\USER32.dll
0x00007ffc7eb00000 - 0x00007ffc7eb22000 	C:\WINDOWS\System32\win32u.dll
0x00007ffc80930000 - 0x00007ffc8095b000 	C:\WINDOWS\System32\GDI32.dll
0x00007ffc7e5b0000 - 0x00007ffc7e6bf000 	C:\WINDOWS\System32\gdi32full.dll
0x00007ffc7e6c0000 - 0x00007ffc7e75d000 	C:\WINDOWS\System32\msvcp_win.dll
0x00007ffc7e420000 - 0x00007ffc7e520000 	C:\WINDOWS\System32\ucrtbase.dll
0x00007ffc69bd0000 - 0x00007ffc69e6a000 	C:\WINDOWS\WinSxS\amd64_microsoft.windows.common-controls_6595b64144ccf1df_6.0.19041.1110_none_60b5254171f9507e\COMCTL32.dll
0x00007ffc7f160000 - 0x00007ffc7f190000 	C:\WINDOWS\System32\IMM32.DLL
0x000000006dbc0000 - 0x000000006dc92000 	D:\JavaDevalop\jdk1.8.0_181\jre\bin\msvcr100.dll
0x000000006d310000 - 0x000000006dbb2000 	D:\JavaDevalop\jdk1.8.0_181\jre\bin\server\jvm.dll
0x00007ffc803e0000 - 0x00007ffc803e8000 	C:\WINDOWS\System32\PSAPI.DLL
0x00007ffc6dd50000 - 0x00007ffc6dd77000 	C:\WINDOWS\SYSTEM32\WINMM.dll
0x00007ffc75b30000 - 0x00007ffc75b39000 	C:\WINDOWS\SYSTEM32\WSOCK32.dll
0x00007ffc74c60000 - 0x00007ffc74c6a000 	C:\WINDOWS\SYSTEM32\VERSION.dll
0x00007ffc802b0000 - 0x00007ffc8031b000 	C:\WINDOWS\System32\WS2_32.dll
0x000000006d300000 - 0x000000006d30f000 	D:\JavaDevalop\jdk1.8.0_181\jre\bin\verify.dll
0x000000006d2d0000 - 0x000000006d2f9000 	D:\JavaDevalop\jdk1.8.0_181\jre\bin\java.dll
0x000000006cf60000 - 0x000000006cf95000 	D:\JavaDevalop\jdk1.8.0_181\jre\bin\jdwp.dll
0x000000006cf50000 - 0x000000006cf58000 	D:\JavaDevalop\jdk1.8.0_181\jre\bin\npt.dll
0x000000006cf20000 - 0x000000006cf43000 	D:\JavaDevalop\jdk1.8.0_181\jre\bin\instrument.dll
0x000000006d2b0000 - 0x000000006d2c6000 	D:\JavaDevalop\jdk1.8.0_181\jre\bin\zip.dll
0x00007ffc7f570000 - 0x00007ffc7fcb3000 	C:\WINDOWS\System32\SHELL32.dll
0x00007ffc79220000 - 0x00007ffc799b1000 	C:\WINDOWS\SYSTEM32\windows.storage.dll
0x00007ffc7f190000 - 0x00007ffc7f4e4000 	C:\WINDOWS\System32\combase.dll
0x00007ffc7dd20000 - 0x00007ffc7dd50000 	C:\WINDOWS\SYSTEM32\Wldp.dll
0x00007ffc80880000 - 0x00007ffc8092d000 	C:\WINDOWS\System32\SHCORE.dll
0x00007ffc80960000 - 0x00007ffc809b5000 	C:\WINDOWS\System32\shlwapi.dll
0x00007ffc7e200000 - 0x00007ffc7e21f000 	C:\WINDOWS\SYSTEM32\profapi.dll
0x000000006cf10000 - 0x000000006cf19000 	D:\JavaDevalop\jdk1.8.0_181\jre\bin\dt_socket.dll
0x00007ffc7da10000 - 0x00007ffc7da7a000 	C:\WINDOWS\system32\mswsock.dll
0x000000006cf00000 - 0x000000006cf0d000 	D:\JavaDevalop\jdk1.8.0_181\jre\bin\management.dll
0x000000006d260000 - 0x000000006d27a000 	D:\JavaDevalop\jdk1.8.0_181\jre\bin\net.dll
0x00007ffc6bd50000 - 0x00007ffc6bd67000 	C:\WINDOWS\system32\napinsp.dll
0x00007ffc6bbf0000 - 0x00007ffc6bc0b000 	C:\WINDOWS\system32\pnrpnsp.dll
0x00007ffc752c0000 - 0x00007ffc752d5000 	C:\WINDOWS\system32\wshbth.dll
0x00007ffc73d40000 - 0x00007ffc73d5d000 	C:\WINDOWS\system32\NLAapi.dll
0x00007ffc7d700000 - 0x00007ffc7d73b000 	C:\WINDOWS\SYSTEM32\IPHLPAPI.DLL
0x00007ffc7d740000 - 0x00007ffc7d80a000 	C:\WINDOWS\SYSTEM32\DNSAPI.dll
0x00007ffc803f0000 - 0x00007ffc803f8000 	C:\WINDOWS\System32\NSI.dll
0x00007ffc6b640000 - 0x00007ffc6b652000 	C:\WINDOWS\System32\winrnr.dll
0x00007ffc725c0000 - 0x00007ffc725ca000 	C:\Windows\System32\rasadhlp.dll
0x00007ffc6ff10000 - 0x00007ffc6ff90000 	C:\WINDOWS\System32\fwpuclnt.dll
0x00007ffc7ebe0000 - 0x00007ffc7ec07000 	C:\WINDOWS\System32\bcrypt.dll
0x000000006d240000 - 0x000000006d251000 	D:\JavaDevalop\jdk1.8.0_181\jre\bin\nio.dll
0x00007ffc7dc80000 - 0x00007ffc7dc98000 	C:\WINDOWS\SYSTEM32\CRYPTSP.dll
0x00007ffc7d2c0000 - 0x00007ffc7d2f4000 	C:\WINDOWS\system32\rsaenh.dll
0x00007ffc7e1c0000 - 0x00007ffc7e1ee000 	C:\WINDOWS\SYSTEM32\USERENV.dll
0x00007ffc7e520000 - 0x00007ffc7e5a2000 	C:\WINDOWS\System32\bcryptprimitives.dll
0x00007ffc7dc70000 - 0x00007ffc7dc7c000 	C:\WINDOWS\SYSTEM32\CRYPTBASE.dll
0x00007ffc73660000 - 0x00007ffc73677000 	C:\WINDOWS\SYSTEM32\dhcpcsvc6.DLL
0x00007ffc73640000 - 0x00007ffc7365d000 	C:\WINDOWS\SYSTEM32\dhcpcsvc.DLL

VM Arguments:
jvm_args: -agentlib:jdwp=transport=dt_socket,address=127.0.0.1:63739,suspend=y,server=n -javaagent:C:\Users\liujj\AppData\Local\JetBrains\IntelliJIdea2021.3\captureAgent\debugger-agent.jar -Dfile.encoding=UTF-8 
java_command: com.itheima.mall.MallApplication
java_class_path (initial): D:\JavaDevalop\jdk1.8.0_181\jre\lib\charsets.jar;D:\JavaDevalop\jdk1.8.0_181\jre\lib\deploy.jar;D:\JavaDevalop\jdk1.8.0_181\jre\lib\ext\access-bridge-64.jar;D:\JavaDevalop\jdk1.8.0_181\jre\lib\ext\cldrdata.jar;D:\JavaDevalop\jdk1.8.0_181\jre\lib\ext\dnsns.jar;D:\JavaDevalop\jdk1.8.0_181\jre\lib\ext\jaccess.jar;D:\JavaDevalop\jdk1.8.0_181\jre\lib\ext\jfxrt.jar;D:\JavaDevalop\jdk1.8.0_181\jre\lib\ext\localedata.jar;D:\JavaDevalop\jdk1.8.0_181\jre\lib\ext\nashorn.jar;D:\JavaDevalop\jdk1.8.0_181\jre\lib\ext\sunec.jar;D:\JavaDevalop\jdk1.8.0_181\jre\lib\ext\sunjce_provider.jar;D:\JavaDevalop\jdk1.8.0_181\jre\lib\ext\sunmscapi.jar;D:\JavaDevalop\jdk1.8.0_181\jre\lib\ext\sunpkcs11.jar;D:\JavaDevalop\jdk1.8.0_181\jre\lib\ext\zipfs.jar;D:\JavaDevalop\jdk1.8.0_181\jre\lib\javaws.jar;D:\JavaDevalop\jdk1.8.0_181\jre\lib\jce.jar;D:\JavaDevalop\jdk1.8.0_181\jre\lib\jfr.jar;D:\JavaDevalop\jdk1.8.0_181\jre\lib\jfxswt.jar;D:\JavaDevalop\jdk1.8.0_181\jre\lib\jsse.jar;D:\JavaDevalop\jdk1.8.0_181\jre\lib\management-agent.jar;D:\JavaDevalop\jdk1.8.0_181\jre\lib\plugin.jar;D:\JavaDevalop\jdk1.8.0_181\jre\lib\resources.jar;D:\JavaDevalop\jdk1.8.0_181\jre\lib\rt.jar;G:\ideaProjects\heimaProject2\mall\target\classes;D:\JavaDevalop\MavenJar\.m3\repository\org\springframework\boot\spring-boot-starter\2.3.2.RELEASE\spring-boot-starter-2.3.2.RELEASE.jar;D:\JavaDevalop\MavenJar\.m3\repository\org\springframework\boot\spring-boot\2.3.2.RELEASE\spring-boot-2.3.2.RELEASE.jar;D:\JavaDevalop\MavenJar\.m3\repository\org\springframework\spring-context\5.2.8.RELEASE\spring-context-5.2.8.RELEASE.jar;D:\JavaDevalop\MavenJar\.m3\repository\org\springframework\boot\spring-boot-autoconfigure\2.3.2.RELEASE\spring-boot-autoconfigure-2.3.2.RELEASE.jar;D:\JavaDevalop\MavenJar\.m3\repository\org\springframework\boot\spring-boot-starter-logging\2.3.2.RELEASE\spring-boot-starter-logging-2.3.2.RELEASE.jar;D:\JavaDevalop\MavenJar\.m3\repository\ch\qos\logback\logback-classic\1.2.3\logback
Launcher Type: SUN_STANDARD

Environment Variables:
JAVA_HOME=D:\JavaDevalop\jdk1.8.0_181
CLASSPATH=.
PATH=C:\Program Files (x86)\Common Files\Oracle\Java\javapath;D:\xshel\;C:\WINDOWS\system32;C:\WINDOWS;C:\WINDOWS\System32\Wbem;C:\WINDOWS\System32\WindowsPowerShell\v1.0\;C:\WINDOWS\System32\OpenSSH\;D:\JavaDevalop\apache-maven-3.6.1\bin\bin;D:\Program Files\Tencent\QQ\Bin;D:\JavaDevalop\jdk1.8.0_181\bin;D:\JavaDevalop\Git\cmd;D:\JavaDevalop\Git\cmd\bin;C:\Program Files\nodejs\;D:\软件\Pandoc\;G:\k\微信web开发者工具\dll;C:\Users\liujj\AppData\Local\Microsoft\WindowsApps;C:\Users\liujj\AppData\Roaming\npm;;D:\ivscode\Microsoft VS Code\bin;D:\JavaDevalop\IntelliJ IDEA 2021.3.3\bin;
USERNAME=liujj
OS=Windows_NT
PROCESSOR_IDENTIFIER=Intel64 Family 6 Model 142 Stepping 11, GenuineIntel



---------------  S Y S T E M  ---------------

OS: Windows 10.0 , 64 bit Build 19041 (10.0.19041.1889)

CPU:total 8 (initial active 8) (4 cores per cpu, 2 threads per core) family 6 model 142 stepping 11, cmov, cx8, fxsr, mmx, sse, sse2, sse3, ssse3, sse4.1, sse4.2, popcnt, avx, avx2, aes, clmul, erms, 3dnowpref, lzcnt, ht, tsc, tscinvbit, bmi1, bmi2, adx

Memory: 4k page, physical 20819320k(2425408k free), swap 37015540k(5208k free)

vm_info: Java HotSpot(TM) 64-Bit Server VM (25.181-b13) for windows-amd64 JRE (1.8.0_181-b13), built on Jul  7 2018 04:01:33 by "java_re" with MS VC++ 10.0 (VS2010)

time: Sun Oct 23 14:52:21 2022
elapsed time: 7 seconds (0d 0h 0m 7s)

