#
# There is insufficient memory for the Java Runtime Environment to continue.
# Native memory allocation (malloc) failed to allocate 32744 bytes for ChunkPool::allocate
# Possible reasons:
#   The system is out of physical RAM or swap space
#   In 32 bit mode, the process size limit was hit
# Possible solutions:
#   Reduce memory load on the system
#   Increase physical memory or swap space
#   Check if swap backing store is full
#   Use 64 bit Java on a 64 bit OS
#   Decrease Java heap size (-Xmx/-Xms)
#   Decrease number of Java threads
#   Decrease Java thread stack sizes (-Xss)
#   Set larger code cache with -XX:ReservedCodeCacheSize=
# This output file may be truncated or incomplete.
#
#  Out of Memory Error (allocation.cpp:273), pid=25512, tid=0x0000000000005608
#
# JRE version: Java(TM) SE Runtime Environment (8.0_181-b13) (build 1.8.0_181-b13)
# Java VM: Java HotSpot(TM) 64-Bit Server VM (25.181-b13 mixed mode windows-amd64 compressed oops)
# Failed to write core dump. Minidumps are not enabled by default on client versions of Windows
#

---------------  T H R E A D  ---------------

Current thread (0x0000000021550800):  JavaThread "C2 CompilerThread0" daemon [_thread_in_native, id=22024, stack(0x0000000021ed0000,0x0000000021fd0000)]

Stack: [0x0000000021ed0000,0x0000000021fd0000]
[error occurred during error reporting (printing stack bounds), id 0xc0000005]

Native frames: (J=compiled Java code, j=interpreted, Vv=VM code, C=native code)


Current CompileTask:
C2:   7338 4241       4       org.springframework.core.annotation.AnnotationsScanner::scan (20 bytes)


---------------  P R O C E S S  ---------------

Java Threads: ( => current thread )
  0x000000002a01b800 JavaThread "Druid-ConnectionPool-Destroy-2027587999" daemon [_thread_blocked, id=540, stack(0x000000002be60000,0x000000002bf60000)]
  0x000000002891b800 JavaThread "Druid-ConnectionPool-Create-2027587999" daemon [_thread_blocked, id=24820, stack(0x000000002aaa0000,0x000000002aba0000)]
  0x0000000026289800 JavaThread "mysql-cj-abandoned-connection-cleanup" daemon [_thread_blocked, id=20452, stack(0x00000000271f0000,0x00000000272f0000)]
  0x0000000029a49000 JavaThread "container-0" [_thread_blocked, id=17796, stack(0x000000002bd60000,0x000000002be60000)]
  0x0000000025ecf800 JavaThread "Catalina-utility-2" [_thread_blocked, id=26616, stack(0x0000000027330000,0x0000000027430000)]
  0x00000000261c2000 JavaThread "Catalina-utility-1" [_thread_blocked, id=12084, stack(0x0000000025ba0000,0x0000000025ca0000)]
  0x00000000215f8000 JavaThread "Service Thread" daemon [_thread_blocked, id=32172, stack(0x00000000222d0000,0x00000000223d0000)]
  0x000000002155f800 JavaThread "C1 CompilerThread3" daemon [_thread_in_native, id=26196, stack(0x00000000221d0000,0x00000000222d0000)]
  0x0000000021557000 JavaThread "C2 CompilerThread2" daemon [_thread_in_native, id=692, stack(0x00000000220d0000,0x00000000221d0000)]
  0x0000000021556000 JavaThread "C2 CompilerThread1" daemon [_thread_in_native, id=30772, stack(0x0000000021fd0000,0x00000000220d0000)]
=>0x0000000021550800 JavaThread "C2 CompilerThread0" daemon [_thread_in_native, id=22024, stack(0x0000000021ed0000,0x0000000021fd0000)]
  0x000000002151f000 JavaThread "JDWP Command Reader" daemon [_thread_in_native, id=32664, stack(0x0000000021dd0000,0x0000000021ed0000)]
  0x000000002151c000 JavaThread "JDWP Event Helper Thread" daemon [_thread_blocked, id=27328, stack(0x0000000021cd0000,0x0000000021dd0000)]
  0x000000001f5bd000 JavaThread "JDWP Transport Listener: dt_socket" daemon [_thread_blocked, id=21060, stack(0x0000000021bd0000,0x0000000021cd0000)]
  0x00000000214b5000 JavaThread "Attach Listener" daemon [_thread_blocked, id=29308, stack(0x0000000021ad0000,0x0000000021bd0000)]
  0x00000000214b4000 JavaThread "Signal Dispatcher" daemon [_thread_blocked, id=23880, stack(0x00000000219d0000,0x0000000021ad0000)]
  0x0000000021490800 JavaThread "Finalizer" daemon [_thread_blocked, id=14604, stack(0x0000000021870000,0x0000000021970000)]
  0x000000000352e000 JavaThread "Reference Handler" daemon [_thread_blocked, id=30668, stack(0x0000000021370000,0x0000000021470000)]
  0x0000000003438000 JavaThread "main" [_thread_in_vm, id=26832, stack(0x00000000032c0000,0x00000000033c0000)]

Other Threads:
  0x000000001f5a9800 VMThread [stack: 0x0000000021270000,0x0000000021370000] [id=2320]
  0x000000002163f000 WatcherThread [stack: 0x00000000223d0000,0x00000000224d0000] [id=21200]

VM state:not at safepoint (normal execution)

VM Mutex/Monitor currently owned by a thread: None

Heap:
 PSYoungGen      total 172544K, used 98472K [0x0000000756180000, 0x0000000764c80000, 0x00000007c0000000)
  eden space 159232K, 61% used [0x0000000756180000,0x000000075c1aa330,0x000000075fd00000)
  from space 13312K, 0% used [0x000000075fd00000,0x000000075fd00000,0x0000000760a00000)
  to   space 14848K, 0% used [0x0000000763e00000,0x0000000763e00000,0x0000000764c80000)
 ParOldGen       total 176128K, used 16890K [0x0000000682400000, 0x000000068d000000, 0x0000000756180000)
  object space 176128K, 9% used [0x0000000682400000,0x000000068347ebb8,0x000000068d000000)
 Metaspace       used 40938K, capacity 43164K, committed 43352K, reserved 1087488K
  class space    used 5039K, capacity 5406K, committed 5504K, reserved 1048576K

Card table byte_map: [0x00000000129f0000,0x00000000133e0000] byte_map_base: 0x000000000f5de000

Marking Bits: (ParMarkBitMap*) 0x000000006db32d00
 Begin Bits: [0x0000000014280000, 0x00000000191f0000)
 End Bits:   [0x00000000191f0000, 0x000000001e160000)

Polling page: 0x0000000002e00000

CodeCache: size=245760Kb used=14737Kb max_used=14737Kb free=231022Kb
 bounds [0x0000000003630000, 0x00000000044b0000, 0x0000000012630000]
 total_blobs=4411 nmethods=3975 adapters=356
 compilation: enabled

Compilation events (10 events):
Event: 7.312 Thread 0x000000002155f800 nmethod 4481 0x00000000044a0790 code [0x00000000044a0900, 0x00000000044a0a68]
Event: 7.312 Thread 0x000000002155f800 4479       2       org.springframework.context.support.PostProcessorRegistrationDelegate$BeanPostProcessorChecker::postProcessBeforeInitialization (2 bytes)
Event: 7.312 Thread 0x000000002155f800 nmethod 4479 0x00000000044a0b50 code [0x00000000044a0ca0, 0x00000000044a0df0]
Event: 7.312 Thread 0x000000002155f800 4478   !   2       org.springframework.beans.factory.support.DefaultSingletonBeanRegistry::registerDependentBean (115 bytes)
Event: 7.313 Thread 0x000000002155f800 nmethod 4478 0x00000000044a0e90 code [0x00000000044a1060, 0x00000000044a17c8]
Event: 7.321 Thread 0x000000002155f800 4482       2       org.springframework.beans.factory.annotation.InitDestroyAnnotationBeanPostProcessor$1::checkConfigMembers (1 bytes)
Event: 7.322 Thread 0x000000002155f800 nmethod 4482 0x00000000044a1bd0 code [0x00000000044a1d20, 0x00000000044a1e70]
Event: 7.322 Thread 0x000000002155f800 4483       2       org.springframework.beans.factory.annotation.AutowiredAnnotationBeanPostProcessor::buildAutowiringMetadata (90 bytes)
Event: 7.323 Thread 0x000000002155f800 nmethod 4483 0x00000000044a1f10 code [0x00000000044a20c0, 0x00000000044a26c8]
Event: 7.334 Thread 0x000000002155f800 4484       2       com.sun.proxy.$Proxy37::<init> (6 bytes)

GC Heap History (10 events):
Event: 2.364 GC heap before
{Heap before GC invocations=3 (full 0):
 PSYoungGen      total 95232K, used 25006K [0x0000000756180000, 0x0000000761b80000, 0x00000007c0000000)
  eden space 81920K, 14% used [0x0000000756180000,0x0000000756d3b7b8,0x000000075b180000)
  from space 13312K, 97% used [0x000000075be80000,0x000000075cb301b0,0x000000075cb80000)
  to   space 13312K, 0% used [0x000000075b180000,0x000000075b180000,0x000000075be80000)
 ParOldGen       total 217088K, used 32K [0x0000000682400000, 0x000000068f800000, 0x0000000756180000)
  object space 217088K, 0% used [0x0000000682400000,0x0000000682408000,0x000000068f800000)
 Metaspace       used 20356K, capacity 21138K, committed 21248K, reserved 1067008K
  class space    used 2514K, capacity 2709K, committed 2816K, reserved 1048576K
Event: 2.368 GC heap after
Heap after GC invocations=3 (full 0):
 PSYoungGen      total 95232K, used 7083K [0x0000000756180000, 0x0000000761b80000, 0x00000007c0000000)
  eden space 81920K, 0% used [0x0000000756180000,0x0000000756180000,0x000000075b180000)
  from space 13312K, 53% used [0x000000075b180000,0x000000075b86ad18,0x000000075be80000)
  to   space 13312K, 0% used [0x0000000760e80000,0x0000000760e80000,0x0000000761b80000)
 ParOldGen       total 217088K, used 40K [0x0000000682400000, 0x000000068f800000, 0x0000000756180000)
  object space 217088K, 0% used [0x0000000682400000,0x000000068240a000,0x000000068f800000)
 Metaspace       used 20356K, capacity 21138K, committed 21248K, reserved 1067008K
  class space    used 2514K, capacity 2709K, committed 2816K, reserved 1048576K
}
Event: 2.368 GC heap before
{Heap before GC invocations=4 (full 1):
 PSYoungGen      total 95232K, used 7083K [0x0000000756180000, 0x0000000761b80000, 0x00000007c0000000)
  eden space 81920K, 0% used [0x0000000756180000,0x0000000756180000,0x000000075b180000)
  from space 13312K, 53% used [0x000000075b180000,0x000000075b86ad18,0x000000075be80000)
  to   space 13312K, 0% used [0x0000000760e80000,0x0000000760e80000,0x0000000761b80000)
 ParOldGen       total 217088K, used 40K [0x0000000682400000, 0x000000068f800000, 0x0000000756180000)
  object space 217088K, 0% used [0x0000000682400000,0x000000068240a000,0x000000068f800000)
 Metaspace       used 20356K, capacity 21138K, committed 21248K, reserved 1067008K
  class space    used 2514K, capacity 2709K, committed 2816K, reserved 1048576K
Event: 2.393 GC heap after
Heap after GC invocations=4 (full 1):
 PSYoungGen      total 95232K, used 0K [0x0000000756180000, 0x0000000761b80000, 0x00000007c0000000)
  eden space 81920K, 0% used [0x0000000756180000,0x0000000756180000,0x000000075b180000)
  from space 13312K, 0% used [0x000000075b180000,0x000000075b180000,0x000000075be80000)
  to   space 13312K, 0% used [0x0000000760e80000,0x0000000760e80000,0x0000000761b80000)
 ParOldGen       total 117248K, used 6923K [0x0000000682400000, 0x0000000689680000, 0x0000000756180000)
  object space 117248K, 5% used [0x0000000682400000,0x0000000682ac2d08,0x0000000689680000)
 Metaspace       used 20354K, capacity 21132K, committed 21248K, reserved 1067008K
  class space    used 2514K, capacity 2708K, committed 2816K, reserved 1048576K
}
Event: 3.299 GC heap before
{Heap before GC invocations=5 (full 1):
 PSYoungGen      total 95232K, used 81920K [0x0000000756180000, 0x0000000761b80000, 0x00000007c0000000)
  eden space 81920K, 100% used [0x0000000756180000,0x000000075b180000,0x000000075b180000)
  from space 13312K, 0% used [0x000000075b180000,0x000000075b180000,0x000000075be80000)
  to   space 13312K, 0% used [0x0000000760e80000,0x0000000760e80000,0x0000000761b80000)
 ParOldGen       total 117248K, used 6923K [0x0000000682400000, 0x0000000689680000, 0x0000000756180000)
  object space 117248K, 5% used [0x0000000682400000,0x0000000682ac2d08,0x0000000689680000)
 Metaspace       used 25367K, capacity 26396K, committed 26752K, reserved 1073152K
  class space    used 3135K, capacity 3330K, committed 3456K, reserved 1048576K
Event: 3.308 GC heap after
Heap after GC invocations=5 (full 1):
 PSYoungGen      total 142336K, used 8341K [0x0000000756180000, 0x0000000761700000, 0x00000007c0000000)
  eden space 133632K, 0% used [0x0000000756180000,0x0000000756180000,0x000000075e400000)
  from space 8704K, 95% used [0x0000000760e80000,0x00000007616a5540,0x0000000761700000)
  to   space 13312K, 0% used [0x000000075fd00000,0x000000075fd00000,0x0000000760a00000)
 ParOldGen       total 117248K, used 6931K [0x0000000682400000, 0x0000000689680000, 0x0000000756180000)
  object space 117248K, 5% used [0x0000000682400000,0x0000000682ac4d08,0x0000000689680000)
 Metaspace       used 25367K, capacity 26396K, committed 26752K, reserved 1073152K
  class space    used 3135K, capacity 3330K, committed 3456K, reserved 1048576K
}
Event: 6.033 GC heap before
{Heap before GC invocations=6 (full 1):
 PSYoungGen      total 142336K, used 129414K [0x0000000756180000, 0x0000000761700000, 0x00000007c0000000)
  eden space 133632K, 90% used [0x0000000756180000,0x000000075d7bc3d8,0x000000075e400000)
  from space 8704K, 95% used [0x0000000760e80000,0x00000007616a5540,0x0000000761700000)
  to   space 13312K, 0% used [0x000000075fd00000,0x000000075fd00000,0x0000000760a00000)
 ParOldGen       total 117248K, used 6931K [0x0000000682400000, 0x0000000689680000, 0x0000000756180000)
  object space 117248K, 5% used [0x0000000682400000,0x0000000682ac4d08,0x0000000689680000)
 Metaspace       used 33727K, capacity 35336K, committed 35416K, reserved 1081344K
  class space    used 4143K, capacity 4428K, committed 4480K, reserved 1048576K
Event: 6.043 GC heap after
Heap after GC invocations=6 (full 1):
 PSYoungGen      total 172544K, used 11858K [0x0000000756180000, 0x0000000764c80000, 0x00000007c0000000)
  eden space 159232K, 0% used [0x0000000756180000,0x0000000756180000,0x000000075fd00000)
  from space 13312K, 89% used [0x000000075fd00000,0x00000007608949e8,0x0000000760a00000)
  to   space 14848K, 0% used [0x0000000763e00000,0x0000000763e00000,0x0000000764c80000)
 ParOldGen       total 117248K, used 6939K [0x0000000682400000, 0x0000000689680000, 0x0000000756180000)
  object space 117248K, 5% used [0x0000000682400000,0x0000000682ac6d08,0x0000000689680000)
 Metaspace       used 33727K, capacity 35336K, committed 35416K, reserved 1081344K
  class space    used 4143K, capacity 4428K, committed 4480K, reserved 1048576K
}
Event: 6.043 GC heap before
{Heap before GC invocations=7 (full 2):
 PSYoungGen      total 172544K, used 11858K [0x0000000756180000, 0x0000000764c80000, 0x00000007c0000000)
  eden space 159232K, 0% used [0x0000000756180000,0x0000000756180000,0x000000075fd00000)
  from space 13312K, 89% used [0x000000075fd00000,0x00000007608949e8,0x0000000760a00000)
  to   space 14848K, 0% used [0x0000000763e00000,0x0000000763e00000,0x0000000764c80000)
 ParOldGen       total 117248K, used 6939K [0x0000000682400000, 0x0000000689680000, 0x0000000756180000)
  object space 117248K, 5% used [0x0000000682400000,0x0000000682ac6d08,0x0000000689680000)
 Metaspace       used 33727K, capacity 35336K, committed 35416K, reserved 1081344K
  class space    used 4143K, capacity 4428K, committed 4480K, reserved 1048576K
Event: 6.086 GC heap after
Heap after GC invocations=7 (full 2):
 PSYoungGen      total 172544K, used 0K [0x0000000756180000, 0x0000000764c80000, 0x00000007c0000000)
  eden space 159232K, 0% used [0x0000000756180000,0x0000000756180000,0x000000075fd00000)
  from space 13312K, 0% used [0x000000075fd00000,0x000000075fd00000,0x0000000760a00000)
  to   space 14848K, 0% used [0x0000000763e00000,0x0000000763e00000,0x0000000764c80000)
 ParOldGen       total 176128K, used 16890K [0x0000000682400000, 0x000000068d000000, 0x0000000756180000)
  object space 176128K, 9% used [0x0000000682400000,0x000000068347ebb8,0x000000068d000000)
 Metaspace       used 33727K, capacity 35336K, committed 35416K, reserved 1081344K
  class space    used 4143K, capacity 4428K, committed 4480K, reserved 1048576K
}

Deoptimization events (10 events):
Event: 6.427 Thread 0x0000000003438000 Uncommon trap: reason=unstable_if action=reinterpret pc=0x0000000004462830 method=org.springframework.asm.Frame.merge(Lorg/springframework/asm/SymbolTable;I[II)Z @ 22
Event: 6.453 Thread 0x0000000003438000 Uncommon trap: reason=unstable_if action=reinterpret pc=0x000000000424b21c method=org.springframework.boot.context.properties.source.ConfigurationPropertyName.elementsOf(Ljava/lang/CharSequence;ZI)Lorg/springframework/boot/context/properties/source/Config
Event: 6.456 Thread 0x0000000003438000 Uncommon trap: reason=unstable_if action=reinterpret pc=0x0000000004378ec8 method=sun.reflect.annotation.AnnotationInvocationHandler.invoke(Ljava/lang/Object;Ljava/lang/reflect/Method;[Ljava/lang/Object;)Ljava/lang/Object; @ 19
Event: 6.668 Thread 0x0000000003438000 Uncommon trap: reason=unstable_if action=reinterpret pc=0x0000000003e751d0 method=java.util.IdentityHashMap.nextKeyIndex(II)I @ 4
Event: 6.967 Thread 0x0000000003438000 Uncommon trap: reason=unstable_if action=reinterpret pc=0x000000000447b5dc method=org.springframework.core.annotation.AnnotationsScanner.isWithoutHierarchy(Ljava/lang/reflect/AnnotatedElement;Lorg/springframework/core/annotation/MergedAnnotations$SearchSt
Event: 6.975 Thread 0x0000000003438000 Uncommon trap: reason=unstable_if action=reinterpret pc=0x0000000003ab3e88 method=java.util.concurrent.ConcurrentHashMap.transfer([Ljava/util/concurrent/ConcurrentHashMap$Node;[Ljava/util/concurrent/ConcurrentHashMap$Node;)V @ 356
Event: 7.060 Thread 0x0000000003438000 Uncommon trap: reason=class_check action=maybe_recompile pc=0x000000000410e1b0 method=java.lang.reflect.Method.equals(Ljava/lang/Object;)Z @ 5
Event: 7.099 Thread 0x0000000003438000 Uncommon trap: reason=unstable_if action=reinterpret pc=0x00000000042dac18 method=org.springframework.core.ResolvableType.resolveType()Lorg/springframework/core/ResolvableType; @ 37
Event: 7.260 Thread 0x0000000003438000 Uncommon trap: reason=unstable_if action=reinterpret pc=0x0000000003c70350 method=java.io.WinNTFileSystem.isLetter(C)Z @ 3
Event: 7.309 Thread 0x0000000003438000 Uncommon trap: reason=unstable_if action=reinterpret pc=0x00000000040d5e7c method=org.springframework.beans.factory.support.AbstractBeanFactory.isTypeMatch(Ljava/lang/String;Lorg/springframework/core/ResolvableType;Z)Z @ 34

Classes redefined (0 events):
No events

Internal exceptions (10 events):
Event: 6.850 Thread 0x0000000003438000 Exception <a 'java/lang/ClassNotFoundException': org/springframework/beans/factory/AwareCustomizer> (0x000000075a16eab8) thrown at [C:\re\workspace\8-2-build-windows-amd64-cygwin\jdk8u181\11358\hotspot\src\share\vm\classfile\systemDictionary.cpp, line 210
Event: 6.990 Thread 0x0000000003438000 Exception <a 'java/lang/NoSuchMethodError': java.lang.Object.lambda$comparingInt$7b0bb60$1(Ljava/util/function/ToIntFunction;Ljava/lang/Object;Ljava/lang/Object;)I> (0x000000075a9de1a0) thrown at [C:\re\workspace\8-2-build-windows-amd64-cygwin\jdk8u181\11
Event: 6.991 Thread 0x0000000003438000 Exception <a 'java/lang/NoSuchMethodError': java.lang.Object.lambda$thenComparing$36697e65$1(Ljava/util/Comparator;Ljava/lang/Object;Ljava/lang/Object;)I> (0x000000075a9e6500) thrown at [C:\re\workspace\8-2-build-windows-amd64-cygwin\jdk8u181\11358\hotspo
Event: 6.996 Thread 0x0000000003438000 Exception <a 'java/lang/ClassNotFoundException': java/lang/ObjectCustomizer> (0x000000075aa1e328) thrown at [C:\re\workspace\8-2-build-windows-amd64-cygwin\jdk8u181\11358\hotspot\src\share\vm\classfile\systemDictionary.cpp, line 210]
Event: 6.997 Thread 0x0000000003438000 Exception <a 'java/lang/ClassNotFoundException': springfox/documentation/spring/web/plugins/AbstractDocumentationPluginsBootstrapperCustomizer> (0x000000075aa49b60) thrown at [C:\re\workspace\8-2-build-windows-amd64-cygwin\jdk8u181\11358\hotspot\src\share
Event: 6.999 Thread 0x0000000003438000 Exception <a 'java/lang/ClassNotFoundException': springfox/documentation/spring/web/plugins/DocumentationPluginsBootstrapperCustomizer> (0x000000075aa8db48) thrown at [C:\re\workspace\8-2-build-windows-amd64-cygwin\jdk8u181\11358\hotspot\src\share\vm\clas
Event: 7.001 Thread 0x0000000003438000 Exception <a 'java/lang/ClassNotFoundException': org/springframework/context/SmartLifecycleCustomizer> (0x000000075aac4a10) thrown at [C:\re\workspace\8-2-build-windows-amd64-cygwin\jdk8u181\11358\hotspot\src\share\vm\classfile\systemDictionary.cpp, line 
Event: 7.001 Thread 0x0000000003438000 Exception <a 'java/lang/ClassNotFoundException': org/springframework/context/LifecycleCustomizer> (0x000000075aadf030) thrown at [C:\re\workspace\8-2-build-windows-amd64-cygwin\jdk8u181\11358\hotspot\src\share\vm\classfile\systemDictionary.cpp, line 210]
Event: 7.002 Thread 0x0000000003438000 Exception <a 'java/lang/ClassNotFoundException': org/springframework/context/PhasedCustomizer> (0x000000075aaf7b90) thrown at [C:\re\workspace\8-2-build-windows-amd64-cygwin\jdk8u181\11358\hotspot\src\share\vm\classfile\systemDictionary.cpp, line 210]
Event: 7.289 Thread 0x0000000003438000 Exception <a 'java/lang/IncompatibleClassChangeError': Found class java.lang.Object, but interface was expected> (0x000000075bcafec8) thrown at [C:\re\workspace\8-2-build-windows-amd64-cygwin\jdk8u181\11358\hotspot\src\share\vm\interpreter\linkResolver.cp

Events (10 events):
Event: 7.333 Thread 0x0000000003438000 DEOPT PACKING pc=0x00000000038271dc sp=0x00000000033bcdc0
Event: 7.333 Thread 0x0000000003438000 DEOPT UNPACKING pc=0x0000000003677890 sp=0x00000000033bcb00 mode 1
Event: 7.333 Thread 0x0000000003438000 DEOPT PACKING pc=0x000000000398adec sp=0x00000000033bd6f0
Event: 7.333 Thread 0x0000000003438000 DEOPT UNPACKING pc=0x0000000003677890 sp=0x00000000033bd468 mode 1
Event: 7.333 loading class org/springframework/web/servlet/view/AbstractCachingViewResolver$2
Event: 7.333 loading class org/springframework/web/servlet/view/AbstractCachingViewResolver$2 done
Event: 7.335 Thread 0x0000000003438000 DEOPT PACKING pc=0x0000000003ecd36c sp=0x00000000033be7e0
Event: 7.335 Thread 0x0000000003438000 DEOPT UNPACKING pc=0x0000000003677890 sp=0x00000000033be598 mode 1
Event: 7.335 Thread 0x0000000003438000 DEOPT PACKING pc=0x0000000003ecd36c sp=0x00000000033be7e0
Event: 7.335 Thread 0x0000000003438000 DEOPT UNPACKING pc=0x0000000003677890 sp=0x00000000033be598 mode 1


Dynamic libraries:
0x00007ff7aeb90000 - 0x00007ff7aebc7000 	D:\JavaDevalop\jdk1.8.0_181\bin\java.exe
0x00007ffc80bb0000 - 0x00007ffc80da8000 	C:\WINDOWS\SYSTEM32\ntdll.dll
0x00007ffc7fcc0000 - 0x00007ffc7fd7d000 	C:\WINDOWS\System32\KERNEL32.DLL
0x00007ffc7e760000 - 0x00007ffc7ea32000 	C:\WINDOWS\System32\KERNELBASE.dll
0x00007ffc7ec10000 - 0x00007ffc7ecbe000 	C:\WINDOWS\System32\ADVAPI32.dll
0x00007ffc80590000 - 0x00007ffc8062e000 	C:\WINDOWS\System32\msvcrt.dll
0x00007ffc804d0000 - 0x00007ffc8056c000 	C:\WINDOWS\System32\sechost.dll
0x00007ffc80750000 - 0x00007ffc80875000 	C:\WINDOWS\System32\RPCRT4.dll
0x00007ffc7ed20000 - 0x00007ffc7eebd000 	C:\WINDOWS\System32\USER32.dll
0x00007ffc7eb00000 - 0x00007ffc7eb22000 	C:\WINDOWS\System32\win32u.dll
0x00007ffc80930000 - 0x00007ffc8095b000 	C:\WINDOWS\System32\GDI32.dll
0x00007ffc7e5b0000 - 0x00007ffc7e6bf000 	C:\WINDOWS\System32\gdi32full.dll
0x00007ffc7e6c0000 - 0x00007ffc7e75d000 	C:\WINDOWS\System32\msvcp_win.dll
0x00007ffc7e420000 - 0x00007ffc7e520000 	C:\WINDOWS\System32\ucrtbase.dll
0x00007ffc69bd0000 - 0x00007ffc69e6a000 	C:\WINDOWS\WinSxS\amd64_microsoft.windows.common-controls_6595b64144ccf1df_6.0.19041.1110_none_60b5254171f9507e\COMCTL32.dll
0x00007ffc7f160000 - 0x00007ffc7f190000 	C:\WINDOWS\System32\IMM32.DLL
0x000000006dbc0000 - 0x000000006dc92000 	D:\JavaDevalop\jdk1.8.0_181\jre\bin\msvcr100.dll
0x000000006d310000 - 0x000000006dbb2000 	D:\JavaDevalop\jdk1.8.0_181\jre\bin\server\jvm.dll
0x00007ffc803e0000 - 0x00007ffc803e8000 	C:\WINDOWS\System32\PSAPI.DLL
0x00007ffc74c60000 - 0x00007ffc74c6a000 	C:\WINDOWS\SYSTEM32\VERSION.dll
0x00007ffc75b30000 - 0x00007ffc75b39000 	C:\WINDOWS\SYSTEM32\WSOCK32.dll
0x00007ffc6dd50000 - 0x00007ffc6dd77000 	C:\WINDOWS\SYSTEM32\WINMM.dll
0x00007ffc802b0000 - 0x00007ffc8031b000 	C:\WINDOWS\System32\WS2_32.dll
0x000000006d300000 - 0x000000006d30f000 	D:\JavaDevalop\jdk1.8.0_181\jre\bin\verify.dll
0x000000006d2d0000 - 0x000000006d2f9000 	D:\JavaDevalop\jdk1.8.0_181\jre\bin\java.dll
0x000000006cf60000 - 0x000000006cf95000 	D:\JavaDevalop\jdk1.8.0_181\jre\bin\jdwp.dll
0x000000006cf50000 - 0x000000006cf58000 	D:\JavaDevalop\jdk1.8.0_181\jre\bin\npt.dll
0x000000006cf20000 - 0x000000006cf43000 	D:\JavaDevalop\jdk1.8.0_181\jre\bin\instrument.dll
0x000000006d2b0000 - 0x000000006d2c6000 	D:\JavaDevalop\jdk1.8.0_181\jre\bin\zip.dll
0x00007ffc7f570000 - 0x00007ffc7fcb3000 	C:\WINDOWS\System32\SHELL32.dll
0x00007ffc79220000 - 0x00007ffc799b1000 	C:\WINDOWS\SYSTEM32\windows.storage.dll
0x00007ffc7f190000 - 0x00007ffc7f4e4000 	C:\WINDOWS\System32\combase.dll
0x00007ffc7dd20000 - 0x00007ffc7dd50000 	C:\WINDOWS\SYSTEM32\Wldp.dll
0x00007ffc80880000 - 0x00007ffc8092d000 	C:\WINDOWS\System32\SHCORE.dll
0x00007ffc80960000 - 0x00007ffc809b5000 	C:\WINDOWS\System32\shlwapi.dll
0x00007ffc7e200000 - 0x00007ffc7e21f000 	C:\WINDOWS\SYSTEM32\profapi.dll
0x000000006cf10000 - 0x000000006cf19000 	D:\JavaDevalop\jdk1.8.0_181\jre\bin\dt_socket.dll
0x00007ffc7da10000 - 0x00007ffc7da7a000 	C:\WINDOWS\system32\mswsock.dll
0x000000006cf00000 - 0x000000006cf0d000 	D:\JavaDevalop\jdk1.8.0_181\jre\bin\management.dll
0x000000006d260000 - 0x000000006d27a000 	D:\JavaDevalop\jdk1.8.0_181\jre\bin\net.dll
0x00007ffc6bd50000 - 0x00007ffc6bd67000 	C:\WINDOWS\system32\napinsp.dll
0x00007ffc6bbf0000 - 0x00007ffc6bc0b000 	C:\WINDOWS\system32\pnrpnsp.dll
0x00007ffc752c0000 - 0x00007ffc752d5000 	C:\WINDOWS\system32\wshbth.dll
0x00007ffc73d40000 - 0x00007ffc73d5d000 	C:\WINDOWS\system32\NLAapi.dll
0x00007ffc7d700000 - 0x00007ffc7d73b000 	C:\WINDOWS\SYSTEM32\IPHLPAPI.DLL
0x00007ffc7d740000 - 0x00007ffc7d80a000 	C:\WINDOWS\SYSTEM32\DNSAPI.dll
0x00007ffc803f0000 - 0x00007ffc803f8000 	C:\WINDOWS\System32\NSI.dll
0x00007ffc6b640000 - 0x00007ffc6b652000 	C:\WINDOWS\System32\winrnr.dll
0x00007ffc725c0000 - 0x00007ffc725ca000 	C:\Windows\System32\rasadhlp.dll
0x00007ffc6ff10000 - 0x00007ffc6ff90000 	C:\WINDOWS\System32\fwpuclnt.dll
0x00007ffc7ebe0000 - 0x00007ffc7ec07000 	C:\WINDOWS\System32\bcrypt.dll
0x000000006d240000 - 0x000000006d251000 	D:\JavaDevalop\jdk1.8.0_181\jre\bin\nio.dll
0x00007ffc7dc80000 - 0x00007ffc7dc98000 	C:\WINDOWS\SYSTEM32\CRYPTSP.dll
0x00007ffc7d2c0000 - 0x00007ffc7d2f4000 	C:\WINDOWS\system32\rsaenh.dll
0x00007ffc7e1c0000 - 0x00007ffc7e1ee000 	C:\WINDOWS\SYSTEM32\USERENV.dll
0x00007ffc7e520000 - 0x00007ffc7e5a2000 	C:\WINDOWS\System32\bcryptprimitives.dll
0x00007ffc7dc70000 - 0x00007ffc7dc7c000 	C:\WINDOWS\SYSTEM32\CRYPTBASE.dll
0x00007ffc73660000 - 0x00007ffc73677000 	C:\WINDOWS\SYSTEM32\dhcpcsvc6.DLL
0x00007ffc73640000 - 0x00007ffc7365d000 	C:\WINDOWS\SYSTEM32\dhcpcsvc.DLL

VM Arguments:
jvm_args: -agentlib:jdwp=transport=dt_socket,address=127.0.0.1:65150,suspend=y,server=n -javaagent:C:\Users\liujj\AppData\Local\JetBrains\IntelliJIdea2021.3\captureAgent\debugger-agent.jar -Dfile.encoding=UTF-8 
java_command: com.itheima.mall.MallApplication
java_class_path (initial): D:\JavaDevalop\jdk1.8.0_181\jre\lib\charsets.jar;D:\JavaDevalop\jdk1.8.0_181\jre\lib\deploy.jar;D:\JavaDevalop\jdk1.8.0_181\jre\lib\ext\access-bridge-64.jar;D:\JavaDevalop\jdk1.8.0_181\jre\lib\ext\cldrdata.jar;D:\JavaDevalop\jdk1.8.0_181\jre\lib\ext\dnsns.jar;D:\JavaDevalop\jdk1.8.0_181\jre\lib\ext\jaccess.jar;D:\JavaDevalop\jdk1.8.0_181\jre\lib\ext\jfxrt.jar;D:\JavaDevalop\jdk1.8.0_181\jre\lib\ext\localedata.jar;D:\JavaDevalop\jdk1.8.0_181\jre\lib\ext\nashorn.jar;D:\JavaDevalop\jdk1.8.0_181\jre\lib\ext\sunec.jar;D:\JavaDevalop\jdk1.8.0_181\jre\lib\ext\sunjce_provider.jar;D:\JavaDevalop\jdk1.8.0_181\jre\lib\ext\sunmscapi.jar;D:\JavaDevalop\jdk1.8.0_181\jre\lib\ext\sunpkcs11.jar;D:\JavaDevalop\jdk1.8.0_181\jre\lib\ext\zipfs.jar;D:\JavaDevalop\jdk1.8.0_181\jre\lib\javaws.jar;D:\JavaDevalop\jdk1.8.0_181\jre\lib\jce.jar;D:\JavaDevalop\jdk1.8.0_181\jre\lib\jfr.jar;D:\JavaDevalop\jdk1.8.0_181\jre\lib\jfxswt.jar;D:\JavaDevalop\jdk1.8.0_181\jre\lib\jsse.jar;D:\JavaDevalop\jdk1.8.0_181\jre\lib\management-agent.jar;D:\JavaDevalop\jdk1.8.0_181\jre\lib\plugin.jar;D:\JavaDevalop\jdk1.8.0_181\jre\lib\resources.jar;D:\JavaDevalop\jdk1.8.0_181\jre\lib\rt.jar;G:\ideaProjects\heimaProject2\mall\target\classes;D:\JavaDevalop\MavenJar\.m3\repository\org\springframework\boot\spring-boot-starter\2.3.2.RELEASE\spring-boot-starter-2.3.2.RELEASE.jar;D:\JavaDevalop\MavenJar\.m3\repository\org\springframework\boot\spring-boot\2.3.2.RELEASE\spring-boot-2.3.2.RELEASE.jar;D:\JavaDevalop\MavenJar\.m3\repository\org\springframework\spring-context\5.2.8.RELEASE\spring-context-5.2.8.RELEASE.jar;D:\JavaDevalop\MavenJar\.m3\repository\org\springframework\boot\spring-boot-autoconfigure\2.3.2.RELEASE\spring-boot-autoconfigure-2.3.2.RELEASE.jar;D:\JavaDevalop\MavenJar\.m3\repository\org\springframework\boot\spring-boot-starter-logging\2.3.2.RELEASE\spring-boot-starter-logging-2.3.2.RELEASE.jar;D:\JavaDevalop\MavenJar\.m3\repository\ch\qos\logback\logback-classic\1.2.3\logback
Launcher Type: SUN_STANDARD

Environment Variables:
JAVA_HOME=D:\JavaDevalop\jdk1.8.0_181
CLASSPATH=.
PATH=C:\Program Files (x86)\Common Files\Oracle\Java\javapath;D:\xshel\;C:\WINDOWS\system32;C:\WINDOWS;C:\WINDOWS\System32\Wbem;C:\WINDOWS\System32\WindowsPowerShell\v1.0\;C:\WINDOWS\System32\OpenSSH\;D:\JavaDevalop\apache-maven-3.6.1\bin\bin;D:\Program Files\Tencent\QQ\Bin;D:\JavaDevalop\jdk1.8.0_181\bin;D:\JavaDevalop\Git\cmd;D:\JavaDevalop\Git\cmd\bin;C:\Program Files\nodejs\;D:\软件\Pandoc\;G:\k\微信web开发者工具\dll;C:\Users\liujj\AppData\Local\Microsoft\WindowsApps;C:\Users\liujj\AppData\Roaming\npm;;D:\ivscode\Microsoft VS Code\bin;D:\JavaDevalop\IntelliJ IDEA 2021.3.3\bin;
USERNAME=liujj
OS=Windows_NT
PROCESSOR_IDENTIFIER=Intel64 Family 6 Model 142 Stepping 11, GenuineIntel



---------------  S Y S T E M  ---------------

OS: Windows 10.0 , 64 bit Build 19041 (10.0.19041.1889)

CPU:total 8 (initial active 8) (4 cores per cpu, 2 threads per core) family 6 model 142 stepping 11, cmov, cx8, fxsr, mmx, sse, sse2, sse3, ssse3, sse4.1, sse4.2, popcnt, avx, avx2, aes, clmul, erms, 3dnowpref, lzcnt, ht, tsc, tscinvbit, bmi1, bmi2, adx

Memory: 4k page, physical 20819320k(2540736k free), swap 37015540k(4144k free)

vm_info: Java HotSpot(TM) 64-Bit Server VM (25.181-b13) for windows-amd64 JRE (1.8.0_181-b13), built on Jul  7 2018 04:01:33 by "java_re" with MS VC++ 10.0 (VS2010)

time: Sun Oct 23 14:51:09 2022
elapsed time: 7 seconds (0d 0h 0m 7s)

