JvmtiExport can_access_local_variables 1
JvmtiExport can_hotswap_or_post_breakpoint 1
JvmtiExport can_post_on_exceptions 1
# 106 ciObject found
ciMethod java/lang/String equals (Ljava/lang/Object;)Z 3273 16385 4760 0 -1
ciMethodData java/lang/String equals (Ljava/lang/Object;)Z 2 20938 orig 264 88 115 143 109 0 0 0 0 104 70 123 30 0 0 0 0 104 2 0 0 32 0 0 0 0 0 0 0 0 0 0 0 0 0 0 0 0 0 0 0 0 0 0 0 0 0 0 0 0 0 0 0 0 0 0 0 0 0 0 0 0 0 0 0 0 0 0 0 0 0 0 0 0 0 0 0 0 0 0 0 77 68 79 32 101 120 116 114 97 32 100 97 116 97 32 108 111 99 107 0 0 0 0 0 0 0 0 0 0 0 0 0 0 0 0 0 0 0 0 0 0 0 0 0 0 0 0 0 0 0 0 0 0 0 0 0 0 0 0 0 0 0 0 0 1 0 0 0 0 0 0 0 0 0 0 0 0 0 0 0 0 0 0 0 4 0 0 0 0 0 0 0 0 0 0 0 0 0 0 0 0 0 0 0 0 0 0 0 0 0 0 0 0 0 0 0 0 0 0 0 0 0 0 0 0 0 0 0 0 0 0 0 0 0 0 0 0 8 0 0 249 135 0 0 81 78 2 0 0 0 0 0 0 0 0 0 2 0 0 0 1 0 15 0 2 0 0 0 24 1 0 0 255 255 255 255 7 0 2 0 0 0 0 0 data 35 0x20007 0xb58 0x20 0x5a7 0x8c104 0xfffffffffffffffb 0x30784b0 0xb55 0x3078540 0x5 0xb0007 0x7 0xc8 0xb55 0xf0004 0x0 0x30784b0 0xb55 0x0 0x0 0x1f0007 0x7d0 0x78 0x385 0x350007 0x33c 0x58 0x4a03 0x420007 0x49ba 0x20 0x49 0x4a0003 0x49ba 0xffffffffffffffc0 oops 3 6 java/lang/String 8 java/lang/Class 16 java/lang/String
ciMethod org/springframework/util/MimeType isWildcardType ()Z 2529 1 316 0 -1
ciMethod org/springframework/util/MimeType getType ()Ljava/lang/String; 1617 1 202 0 -1
ciMethodData org/springframework/util/MimeType isWildcardType ()Z 1 316 orig 264 88 115 143 109 0 0 0 0 200 120 191 36 0 0 0 0 168 1 0 0 0 0 0 0 0 0 0 0 0 0 0 0 0 0 0 0 0 0 0 0 0 0 0 0 0 0 0 0 0 0 0 0 0 0 0 0 0 0 0 0 0 0 0 0 0 0 0 0 0 0 0 0 0 0 0 0 0 0 0 0 77 68 79 32 101 120 116 114 97 32 100 97 116 97 32 108 111 99 107 0 0 0 0 0 0 0 0 0 0 0 0 0 0 0 0 0 0 0 0 0 0 0 0 0 0 0 0 0 0 0 0 0 0 0 0 0 0 0 0 0 0 0 0 0 0 0 0 0 0 0 0 0 0 0 0 0 0 0 0 0 0 0 0 0 0 0 0 0 0 0 0 0 0 0 0 0 0 0 0 0 0 0 0 0 0 0 0 0 0 0 0 0 0 0 0 0 0 0 0 0 0 0 0 0 0 0 0 0 0 0 0 0 0 0 0 0 60 1 0 0 1 0 0 0 1 0 0 0 0 0 0 0 0 0 0 0 2 0 0 0 0 0 0 0 0 0 0 0 96 0 0 0 255 255 255 255 5 0 3 0 0 0 0 0 data 12 0x30005 0x0 0x0 0x0 0x0 0x0 0x60005 0x0 0x0 0x0 0x0 0x0 oops 0
instanceKlass org/springframework/web/servlet/mvc/method/annotation/ViewNameMethodReturnValueHandler
instanceKlass org/springframework/web/servlet/mvc/method/annotation/AsyncTaskMethodReturnValueHandler
instanceKlass org/springframework/util/concurrent/ListenableFutureCallback
instanceKlass org/springframework/util/concurrent/FailureCallback
instanceKlass org/springframework/util/concurrent/SuccessCallback
instanceKlass org/springframework/web/servlet/mvc/method/annotation/DeferredResultMethodReturnValueHandler
instanceKlass org/springframework/web/servlet/mvc/method/annotation/CallableMethodReturnValueHandler
instanceKlass org/springframework/web/servlet/mvc/method/annotation/HttpHeadersReturnValueHandler
instanceKlass org/springframework/web/servlet/mvc/method/annotation/StreamingResponseBodyReturnValueHandler
instanceKlass org/springframework/core/task/SyncTaskExecutor
instanceKlass org/springframework/web/servlet/mvc/method/annotation/ResponseBodyEmitter
instanceKlass org/springframework/web/servlet/mvc/method/annotation/ReactiveTypeHandler
instanceKlass org/springframework/web/servlet/mvc/method/annotation/ResponseBodyEmitter$Handler
instanceKlass org/springframework/web/servlet/mvc/method/annotation/ResponseBodyEmitterReturnValueHandler
instanceKlass org/springframework/web/servlet/mvc/method/annotation/ViewMethodReturnValueHandler
instanceKlass org/springframework/web/servlet/mvc/method/annotation/ModelAndViewMethodReturnValueHandler
instanceKlass org/springframework/web/servlet/mvc/method/annotation/UriComponentsBuilderMethodArgumentResolver
instanceKlass org/springframework/web/method/annotation/SessionStatusMethodArgumentResolver
instanceKlass org/springframework/web/method/annotation/ErrorsMethodArgumentResolver
instanceKlass org/springframework/web/method/annotation/MapMethodProcessor
instanceKlass org/springframework/web/method/annotation/ModelMethodProcessor
instanceKlass org/springframework/web/servlet/mvc/support/RedirectAttributes
instanceKlass org/springframework/ui/Model
instanceKlass org/springframework/web/servlet/mvc/method/annotation/RedirectAttributesMethodArgumentResolver
instanceKlass org/springframework/web/servlet/mvc/method/annotation/ServletResponseMethodArgumentResolver
instanceKlass javax/servlet/http/PushBuilder
instanceKlass org/springframework/web/servlet/mvc/method/annotation/ServletRequestMethodArgumentResolver
instanceKlass org/springframework/web/method/annotation/RequestHeaderMapMethodArgumentResolver
instanceKlass org/springframework/web/accept/ContentNegotiationManager$$Lambda$561
instanceKlass org/springframework/web/servlet/mvc/method/annotation/RequestResponseBodyAdviceChain
instanceKlass org/springframework/core/io/support/ResourceRegion
instanceKlass org/springframework/core/ParameterizedTypeReference
instanceKlass org/springframework/web/servlet/mvc/method/annotation/AbstractMessageConverterMethodArgumentResolver
instanceKlass org/springframework/validation/DataBinder
instanceKlass org/springframework/web/method/annotation/ModelAttributeMethodProcessor
instanceKlass org/springframework/web/servlet/mvc/method/annotation/MatrixVariableMapMethodArgumentResolver
instanceKlass org/springframework/web/servlet/mvc/method/annotation/PathVariableMapMethodArgumentResolver
instanceKlass org/springframework/web/method/annotation/RequestParamMapMethodArgumentResolver
instanceKlass org/springframework/web/method/annotation/AbstractNamedValueMethodArgumentResolver$NamedValueInfo
instanceKlass org/springframework/web/method/annotation/AbstractNamedValueMethodArgumentResolver
instanceKlass org/springframework/web/bind/annotation/InitBinder
instanceKlass org/springframework/web/bind/annotation/ModelAttribute
instanceKlass org/springframework/core/MethodIntrospector$$Lambda$560
instanceKlass org/springframework/web/method/HandlerTypePredicate$Builder$$Lambda$559
instanceKlass org/springframework/web/method/HandlerTypePredicate$Builder$$Lambda$558
instanceKlass org/springframework/web/method/HandlerTypePredicate$Builder$$Lambda$557
instanceKlass org/springframework/web/method/HandlerTypePredicate$Builder
instanceKlass org/springframework/web/method/HandlerTypePredicate
instanceKlass org/springframework/web/method/ControllerAdviceBean$$Lambda$556
instanceKlass springfox/documentation/spring/web/WebMvcObjectMapperConfigurer$$Lambda$555
instanceKlass springfox/documentation/spring/web/WebMvcObjectMapperConfigurer$$Lambda$554
instanceKlass org/springframework/web/method/support/HandlerMethodReturnValueHandlerComposite
instanceKlass org/springframework/web/method/support/HandlerMethodReturnValueHandler
instanceKlass org/springframework/web/method/support/HandlerMethodArgumentResolverComposite
instanceKlass org/springframework/web/method/support/HandlerMethodArgumentResolver
instanceKlass org/springframework/http/CacheControl
instanceKlass org/springframework/web/method/ControllerAdviceBean
instanceKlass org/springframework/web/method/annotation/SessionAttributesHandler
instanceKlass org/springframework/web/method/annotation/ModelFactory
instanceKlass org/springframework/web/method/support/ModelAndViewContainer
instanceKlass org/springframework/boot/task/TaskExecutorBuilder$$Lambda$553
instanceKlass org/springframework/boot/task/TaskExecutorBuilder$$Lambda$552
instanceKlass org/springframework/boot/task/TaskExecutorBuilder$$Lambda$551
instanceKlass org/springframework/boot/task/TaskExecutorBuilder$$Lambda$550
instanceKlass org/springframework/boot/task/TaskExecutorBuilder$$Lambda$549
instanceKlass org/springframework/boot/task/TaskExecutorBuilder$$Lambda$548
instanceKlass org/springframework/boot/task/TaskExecutorBuilder$$Lambda$547
instanceKlass org/springframework/boot/task/TaskExecutorBuilder$$Lambda$546
instanceKlass org/springframework/boot/task/TaskExecutorBuilder$$Lambda$545
instanceKlass org/springframework/boot/task/TaskExecutorBuilder$$Lambda$544
instanceKlass org/springframework/boot/task/TaskExecutorBuilder$$Lambda$543
instanceKlass java/lang/invoke/LambdaForm$DMH
instanceKlass org/springframework/web/servlet/mvc/method/annotation/AbstractMappingJacksonResponseBodyAdvice
instanceKlass org/springframework/web/servlet/mvc/method/annotation/ResponseBodyAdvice
instanceKlass org/springframework/web/servlet/mvc/method/annotation/RequestBodyAdviceAdapter
instanceKlass org/springframework/web/servlet/mvc/method/annotation/RequestBodyAdvice
instanceKlass com/fasterxml/jackson/databind/jsonFormatVisitors/JsonFormatVisitorWrapper
instanceKlass com/fasterxml/jackson/databind/jsonFormatVisitors/JsonFormatVisitorWithSerializerProvider
instanceKlass com/fasterxml/jackson/databind/jsonschema/JsonSchema
instanceKlass com/fasterxml/jackson/databind/MappingIterator
instanceKlass com/fasterxml/jackson/databind/deser/DeserializationProblemHandler
instanceKlass com/fasterxml/jackson/annotation/JsonAutoDetect$Value
instanceKlass com/fasterxml/jackson/core/io/CharacterEscapes
instanceKlass com/fasterxml/jackson/databind/ObjectWriter
instanceKlass com/fasterxml/jackson/core/type/TypeReference
instanceKlass com/fasterxml/jackson/databind/InjectableValues
instanceKlass com/fasterxml/jackson/core/FormatSchema
instanceKlass com/fasterxml/jackson/module/paramnames/ParameterExtractor
instanceKlass org/springframework/http/converter/json/Jackson2ObjectMapperBuilder$$Lambda$542
instanceKlass com/fasterxml/jackson/databind/ser/FilterProvider
instanceKlass org/springframework/beans/factory/support/DefaultListableBeanFactory$$Lambda$541
instanceKlass org/springframework/boot/jackson/JsonComponent
instanceKlass org/springframework/beans/factory/annotation/InitDestroyAnnotationBeanPostProcessor$LifecycleElement
instanceKlass com/fasterxml/jackson/module/paramnames/PackageVersion
instanceKlass java/util/EnumMap$EnumMapIterator
instanceKlass org/springframework/boot/autoconfigure/jackson/JacksonAutoConfiguration$Jackson2ObjectMapperBuilderCustomizerConfiguration$StandardJackson2ObjectMapperBuilderCustomizer$$Lambda$540
instanceKlass org/springframework/boot/autoconfigure/jackson/JacksonAutoConfiguration$Jackson2ObjectMapperBuilderCustomizerConfiguration$StandardJackson2ObjectMapperBuilderCustomizer$$Lambda$539
instanceKlass org/springframework/boot/context/properties/bind/Binder$$Lambda$538
instanceKlass org/springframework/boot/autoconfigure/web/servlet/WebMvcAutoConfiguration$WebMvcAutoConfigurationAdapter$$Lambda$537
instanceKlass org/springframework/web/bind/support/DefaultSessionAttributeStore
instanceKlass org/springframework/web/context/request/async/DeferredResultProcessingInterceptor
instanceKlass org/springframework/util/ConcurrencyThrottleSupport
instanceKlass org/springframework/util/concurrent/ListenableFuture
instanceKlass org/springframework/web/servlet/mvc/method/annotation/RequestMappingHandlerAdapter$$Lambda$536
instanceKlass org/springframework/web/servlet/mvc/method/annotation/RequestMappingHandlerAdapter$$Lambda$535
instanceKlass org/springframework/web/bind/support/DefaultDataBinderFactory
instanceKlass org/springframework/web/bind/support/WebDataBinderFactory
instanceKlass org/springframework/web/bind/support/SessionAttributeStore
instanceKlass org/springframework/boot/validation/MessageInterpolatorFactory
instanceKlass javax/validation/ParameterNameProvider
instanceKlass javax/validation/ConstraintValidatorFactory
instanceKlass javax/validation/MessageInterpolator
instanceKlass org/springframework/context/support/DefaultMessageSourceResolvable
instanceKlass org/springframework/context/MessageSourceResolvable
instanceKlass org/springframework/validation/beanvalidation/SpringValidatorAdapter
instanceKlass org/springframework/boot/autoconfigure/validation/ValidatorAdapter
instanceKlass org/springframework/validation/SmartValidator
instanceKlass org/springframework/boot/autoconfigure/web/servlet/error/ErrorMvcAutoConfiguration$StaticView
instanceKlass org/springframework/boot/task/TaskExecutorBuilder$$Lambda$534
instanceKlass org/springframework/boot/autoconfigure/task/TaskExecutionAutoConfiguration$$Lambda$533
instanceKlass org/springframework/core/task/TaskDecorator
instanceKlass org/springframework/boot/task/TaskExecutorCustomizer
instanceKlass org/springframework/web/util/UriComponents
instanceKlass springfox/documentation/swagger2/web/SwaggerTransformationContext
instanceKlass springfox/documentation/swagger2/web/WebMvcBasePathAndHostnameTransformationFilter
instanceKlass springfox/documentation/service/AuthorizationScope
instanceKlass springfox/documentation/schema/Example
instanceKlass springfox/documentation/service/ListVendorExtension
instanceKlass springfox/documentation/service/RequestBody
instanceKlass io/swagger/v3/oas/models/servers/ServerVariable
instanceKlass springfox/documentation/service/ServerVariable
instanceKlass io/swagger/v3/oas/models/headers/Header
instanceKlass io/swagger/v3/oas/models/ExternalDocumentation
instanceKlass springfox/documentation/common/ExternalDocumentation
instanceKlass javax/xml/bind/annotation/XmlElementWrapper
instanceKlass javax/xml/bind/annotation/XmlAttribute
instanceKlass com/fasterxml/jackson/annotation/JsonIgnoreProperties
instanceKlass springfox/documentation/builders/PropertySpecificationBuilder
instanceKlass javax/xml/bind/annotation/XmlRootElement
instanceKlass javax/xml/bind/annotation/XmlType
instanceKlass springfox/documentation/schema/AlternateTypeRuleConvention
instanceKlass springfox/documentation/spring/web/paths/DefaultPathProvider
instanceKlass springfox/documentation/spi/service/contexts/Orderings$$Lambda$532
instanceKlass springfox/documentation/spi/service/contexts/Orderings$$Lambda$531
instanceKlass springfox/documentation/spi/service/contexts/Orderings$$Lambda$530
instanceKlass java/util/Comparator$$Lambda$529
instanceKlass springfox/documentation/spi/service/contexts/Orderings$$Lambda$528
instanceKlass java/util/Comparator$$Lambda$527
instanceKlass springfox/documentation/spi/service/contexts/Orderings$$Lambda$526
instanceKlass springfox/documentation/spi/service/contexts/Orderings
instanceKlass springfox/documentation/builders/ResponseBuilder$$Lambda$525
instanceKlass springfox/documentation/builders/ResponseBuilder
instanceKlass springfox/documentation/builders/ResponseMessageBuilder
instanceKlass springfox/documentation/service/ResponseMessage
instanceKlass springfox/documentation/spi/service/contexts/Defaults$$Lambda$524
instanceKlass springfox/documentation/spi/service/contexts/Defaults$$Lambda$523
instanceKlass springfox/documentation/spi/service/contexts/Defaults$$Lambda$522
instanceKlass springfox/documentation/spi/service/contexts/Defaults$$Lambda$521
instanceKlass springfox/documentation/spi/service/contexts/Defaults$$Lambda$520
instanceKlass org/springframework/web/util/UriComponentsBuilder
instanceKlass org/springframework/web/util/UriBuilder
instanceKlass springfox/documentation/spring/web/plugins/WebMvcRequestHandlerProvider$$Lambda$519
instanceKlass org/springframework/boot/web/error/ErrorAttributeOptions
instanceKlass org/springframework/web/servlet/handler/AbstractHandlerMethodMapping$MappingRegistration
instanceKlass org/springframework/web/servlet/handler/AbstractHandlerMethodMapping$$Lambda$518
instanceKlass org/springframework/web/servlet/mvc/method/RequestMappingInfo$DefaultBuilder
instanceKlass java/util/concurrent/ConcurrentLinkedDeque$Node
instanceKlass org/springframework/util/MimeTypeUtils$$Lambda$517
instanceKlass org/springframework/util/MimeTypeUtils$ConcurrentLruCache
instanceKlass org/springframework/util/MimeTypeUtils
instanceKlass org/springframework/web/servlet/mvc/condition/AbstractMediaTypeExpression
instanceKlass org/springframework/web/servlet/mvc/condition/MediaTypeExpression
instanceKlass org/springframework/web/servlet/mvc/condition/AbstractRequestCondition
instanceKlass org/springframework/web/servlet/mvc/method/RequestMappingInfo$Builder
instanceKlass org/springframework/core/MethodIntrospector$$Lambda$516
instanceKlass org/springframework/core/MethodIntrospector
instanceKlass org/springframework/web/servlet/handler/AbstractHandlerMethodMapping$$Lambda$515
instanceKlass org/springframework/core/MethodIntrospector$MetadataLookup
instanceKlass org/springframework/context/support/MessageSourceAccessor
instanceKlass org/springframework/web/servlet/mvc/method/RequestMappingInfo
instanceKlass org/springframework/web/servlet/mvc/condition/RequestCondition
instanceKlass org/springframework/web/bind/annotation/CrossOrigin
instanceKlass org/springframework/web/servlet/handler/RequestMatchResult
instanceKlass org/springframework/web/servlet/handler/MappedInterceptor
instanceKlass org/springframework/web/servlet/config/annotation/InterceptorRegistry$$Lambda$514
instanceKlass org/springframework/web/servlet/config/annotation/InterceptorRegistry$$Lambda$513
instanceKlass org/springframework/web/servlet/handler/HandlerInterceptorAdapter
instanceKlass org/springframework/web/servlet/AsyncHandlerInterceptor
instanceKlass org/springframework/web/servlet/config/annotation/InterceptorRegistration
instanceKlass org/springframework/web/servlet/config/annotation/InterceptorRegistry$$Lambda$512
instanceKlass org/springframework/web/servlet/mvc/method/RequestMappingInfo$BuilderConfiguration
instanceKlass org/springframework/web/servlet/mvc/method/RequestMappingInfoHandlerMethodMappingNamingStrategy
instanceKlass org/springframework/web/servlet/handler/AbstractHandlerMethodMapping$MappingRegistry
instanceKlass org/springframework/http/server/ServerHttpRequest
instanceKlass org/springframework/http/HttpRequest
instanceKlass org/springframework/http/server/ServerHttpResponse
instanceKlass org/springframework/web/cors/DefaultCorsProcessor
instanceKlass org/springframework/http/HttpHeaders
instanceKlass org/springframework/web/servlet/mvc/method/RequestMappingInfoHandlerMapping$HttpOptionsHandler
instanceKlass org/springframework/web/cors/CorsConfiguration
instanceKlass org/springframework/core/annotation/AnnotatedElementUtils$$Lambda$511
instanceKlass org/springframework/web/bind/annotation/ResponseStatus
instanceKlass org/springframework/web/servlet/handler/AbstractHandlerMethodMapping$EmptyHandler
instanceKlass org/springframework/web/servlet/handler/HandlerMethodMappingNamingStrategy
instanceKlass org/springframework/web/cors/CorsProcessor
instanceKlass org/springframework/boot/autoconfigure/web/servlet/WebMvcAutoConfiguration$WebMvcAutoConfigurationAdapter$$Lambda$510
instanceKlass org/springframework/web/servlet/resource/ResourceResolverChain
instanceKlass org/springframework/boot/autoconfigure/web/format/DateTimeFormatters
instanceKlass org/springframework/web/context/request/NativeWebRequest
instanceKlass org/springframework/web/accept/MappingMediaTypeFileExtensionResolver$$Lambda$509
instanceKlass org/springframework/web/accept/MappingMediaTypeFileExtensionResolver$$Lambda$508
instanceKlass org/springframework/web/accept/HeaderContentNegotiationStrategy
instanceKlass org/springframework/web/accept/ContentNegotiationManagerFactoryBean$$Lambda$507
instanceKlass java/lang/invoke/LambdaForm$DMH
instanceKlass org/springframework/boot/autoconfigure/web/servlet/WebMvcAutoConfiguration$WebMvcAutoConfigurationAdapter$$Lambda$506
instanceKlass org/springframework/web/accept/MappingMediaTypeFileExtensionResolver
instanceKlass org/springframework/web/accept/ContentNegotiationManagerFactoryBean
instanceKlass org/springframework/web/servlet/config/annotation/WebMvcConfigurerComposite
instanceKlass org/springframework/boot/autoconfigure/web/ResourceProperties$Cache$Cachecontrol
instanceKlass org/springframework/boot/autoconfigure/web/ResourceProperties$Content
instanceKlass org/springframework/boot/autoconfigure/web/ResourceProperties$Fixed
instanceKlass org/springframework/boot/autoconfigure/web/ResourceProperties$Strategy
instanceKlass org/springframework/boot/autoconfigure/web/servlet/WebMvcRegistrations
instanceKlass org/springframework/boot/autoconfigure/web/servlet/WebMvcAutoConfiguration$ResourceChainCustomizerConfiguration
instanceKlass org/springframework/boot/autoconfigure/web/servlet/WebMvcAutoConfiguration$ResourceChainResourceHandlerRegistrationCustomizer
instanceKlass org/springframework/boot/autoconfigure/web/servlet/WebMvcAutoConfiguration$ResourceHandlerRegistrationCustomizer
instanceKlass org/springframework/boot/autoconfigure/web/servlet/WebMvcAutoConfiguration$OptionalPathExtensionContentNegotiationStrategy
instanceKlass org/springframework/web/method/HandlerMethod
instanceKlass springfox/documentation/spring/web/plugins/DefaultConfiguration
instanceKlass springfox/documentation/spi/service/RequestHandlerCombiner
instanceKlass springfox/documentation/common/SpringVersion
instanceKlass org/springframework/web/bind/annotation/RequestPart
instanceKlass org/springframework/web/bind/annotation/RequestBody
instanceKlass org/springframework/web/bind/annotation/RequestHeader
instanceKlass org/springframework/web/bind/annotation/PathVariable
instanceKlass org/springframework/web/bind/annotation/RequestParam
instanceKlass springfox/documentation/service/AllowableListValues
instanceKlass springfox/documentation/spring/wrapper/NameValueExpression
instanceKlass springfox/documentation/builders/EncodingBuilder
instanceKlass springfox/documentation/builders/ContentSpecificationBuilder
instanceKlass springfox/documentation/builders/RequestParameterBuilder
instanceKlass springfox/documentation/service/Encoding
instanceKlass springfox/documentation/spring/web/readers/parameter/ModelAttributeField
instanceKlass springfox/documentation/spi/schema/AlternateTypeProvider
instanceKlass springfox/documentation/spring/web/readers/parameter/ExpansionContext
instanceKlass springfox/documentation/spi/service/ParameterMetadataAccessor
instanceKlass springfox/documentation/service/ResolvedMethodParameter
instanceKlass springfox/documentation/schema/CachingModelProvider$$Lambda$505
instanceKlass springfox/documentation/schema/CachingModelProvider$$Lambda$504
instanceKlass springfox/documentation/schema/CachingModelDependencyProvider$$Lambda$503
instanceKlass springfox/documentation/schema/property/CachingModelPropertiesProvider$$Lambda$502
instanceKlass springfox/documentation/schema/property/CachingModelPropertiesProvider$$Lambda$501
instanceKlass com/fasterxml/classmate/MemberResolver
instanceKlass com/fasterxml/classmate/members/ResolvedMember
instanceKlass springfox/documentation/schema/property/BaseModelProperty
instanceKlass springfox/documentation/schema/property/ModelProperty
instanceKlass springfox/documentation/spring/web/scanners/ComparisonCondition
instanceKlass springfox/documentation/spring/web/scanners/MergingContext
instanceKlass springfox/documentation/spi/schema/UniqueTypeNameAdapter
instanceKlass springfox/documentation/RequestHandlerKey
instanceKlass springfox/documentation/spring/web/scanners/CachingOperationReader$$Lambda$500
instanceKlass springfox/documentation/spring/web/OperationCachingEquivalence$Wrapper
instanceKlass springfox/documentation/spring/wrapper/PatternsRequestCondition
instanceKlass springfox/documentation/builders/ResourceListingBuilder
instanceKlass springfox/documentation/service/ApiListingReference
instanceKlass springfox/documentation/service/PathAdjuster
instanceKlass springfox/documentation/spring/web/scanners/ApiListingReferenceScanResult
instanceKlass springfox/documentation/swagger/web/SecurityConfiguration
instanceKlass springfox/documentation/swagger/web/SecurityConfigurationBuilder
instanceKlass springfox/documentation/swagger/web/UiConfiguration
instanceKlass springfox/documentation/swagger/web/UiConfiguration$Constants
instanceKlass springfox/documentation/swagger/web/UiConfigurationBuilder
instanceKlass springfox/documentation/oas/web/OpenApiControllerWebFlux
instanceKlass springfox/documentation/swagger2/web/Swagger2ControllerWebFlux
instanceKlass springfox/documentation/schema/ClassSupport
instanceKlass springfox/documentation/swagger/web/InMemorySwaggerResourcesProvider$$Lambda$499
instanceKlass springfox/documentation/swagger/web/InMemorySwaggerResourcesProvider$$Lambda$498
instanceKlass java/util/stream/ReduceOps$8ReducingSink
instanceKlass java/util/stream/Sink$OfLong
instanceKlass java/util/function/LongConsumer
instanceKlass java/util/stream/LongPipeline$$Lambda$497
instanceKlass java/util/function/LongBinaryOperator
instanceKlass java/lang/invoke/LambdaForm$DMH
instanceKlass java/util/stream/LongStream
instanceKlass java/util/stream/ReferencePipeline$$Lambda$496
instanceKlass springfox/documentation/spring/web/plugins/DuplicateGroupsDetector$$Lambda$495
instanceKlass springfox/documentation/spring/web/plugins/DuplicateGroupsDetector$$Lambda$494
instanceKlass java/util/stream/Collectors$$Lambda$493
instanceKlass java/util/stream/Collectors$$Lambda$492
instanceKlass springfox/documentation/spring/web/plugins/DuplicateGroupsDetector$$Lambda$491
instanceKlass springfox/documentation/spring/web/plugins/DuplicateGroupsDetector$$Lambda$490
instanceKlass springfox/documentation/spring/web/plugins/DuplicateGroupsDetector
instanceKlass org/springframework/plugin/core/PluginRegistrySupport$$Lambda$489
instanceKlass springfox/documentation/service/Server
instanceKlass springfox/documentation/schema/AlternateTypeRule
instanceKlass springfox/documentation/spring/web/plugins/ApiSelectorBuilder$$Lambda$488
instanceKlass springfox/documentation/builders/RequestHandlerSelectors$$Lambda$487
instanceKlass springfox/documentation/spring/web/plugins/ApiSelectorBuilder
instanceKlass springfox/documentation/builders/BuilderDefaults
instanceKlass springfox/documentation/builders/ApiInfoBuilder
instanceKlass springfox/documentation/builders/PathSelectors$$Lambda$486
instanceKlass springfox/documentation/builders/PathSelectors
instanceKlass springfox/documentation/builders/RequestHandlerSelectors$$Lambda$485
instanceKlass java/util/function/Predicate$$Lambda$484
instanceKlass springfox/documentation/builders/RequestHandlerSelectors$$Lambda$483
instanceKlass springfox/documentation/RequestHandler
instanceKlass springfox/documentation/builders/RequestHandlerSelectors
instanceKlass springfox/documentation/spi/service/contexts/ApiSelector
instanceKlass springfox/documentation/schema/DefaultGenericTypeNamingStrategy
instanceKlass springfox/documentation/spi/schema/GenericTypeNamingStrategy
instanceKlass org/springframework/plugin/core/support/AbstractTypeAwareSupport$BeansOfTypeTargetSource$$Lambda$482
instanceKlass org/springframework/plugin/core/support/AbstractTypeAwareSupport$BeansOfTypeTargetSource$$Lambda$481
instanceKlass springfox/documentation/swagger/web/SwaggerResource
instanceKlass io/swagger/v3/oas/annotations/Parameter
instanceKlass springfox/documentation/schema/NumericElementFacetBuilder
instanceKlass io/swagger/annotations/ApiParam
instanceKlass springfox/documentation/service/AllowableValues
instanceKlass io/swagger/annotations/Api
instanceKlass io/swagger/v3/oas/annotations/media/Content
instanceKlass springfox/documentation/spi/service/contexts/ParameterExpansionContext
instanceKlass springfox/documentation/spi/service/contexts/ApiListingContext
instanceKlass springfox/documentation/spi/service/contexts/PathContext
instanceKlass springfox/documentation/spring/web/scanners/ApiListingScanningContext
instanceKlass springfox/documentation/spi/service/contexts/DocumentationContextBuilder
instanceKlass springfox/documentation/service/Response
instanceKlass springfox/documentation/spi/service/contexts/ParameterContext
instanceKlass springfox/documentation/builders/RepresentationBuilder
instanceKlass io/swagger/annotations/ResponseHeader
instanceKlass springfox/documentation/spi/service/contexts/ResponseContext
instanceKlass io/swagger/annotations/ApiResponse
instanceKlass io/swagger/v3/oas/annotations/tags/Tags
instanceKlass io/swagger/v3/oas/annotations/tags/Tag
instanceKlass io/swagger/annotations/Authorization
instanceKlass io/swagger/annotations/ApiOperation
instanceKlass io/swagger/v3/oas/annotations/Operation
instanceKlass io/swagger/v3/oas/annotations/security/SecurityRequirement
instanceKlass io/swagger/annotations/ApiResponses
instanceKlass springfox/documentation/spi/service/contexts/RequestMappingContext
instanceKlass io/swagger/annotations/Extension
instanceKlass springfox/documentation/schema/ModelKey
instanceKlass springfox/documentation/builders/CollectionElementFacetBuilder
instanceKlass springfox/documentation/builders/SimpleParameterSpecificationBuilder
instanceKlass springfox/documentation/common/Compatibility
instanceKlass springfox/documentation/builders/ModelSpecificationBuilder
instanceKlass springfox/documentation/schema/ScalarType
instanceKlass io/swagger/annotations/ApiImplicitParam
instanceKlass springfox/documentation/spi/service/contexts/OperationContext
instanceKlass springfox/documentation/builders/CompoundModelSpecificationBuilder
instanceKlass io/swagger/annotations/ApiModel
instanceKlass io/swagger/annotations/ApiModelProperty
instanceKlass com/fasterxml/classmate/GenericType
instanceKlass com/fasterxml/classmate/util/ClassStack
instanceKlass com/fasterxml/classmate/util/ResolvedTypeCache
instanceKlass com/fasterxml/classmate/util/ClassKey
instanceKlass com/fasterxml/classmate/TypeBindings
instanceKlass com/fasterxml/classmate/members/RawMember
instanceKlass springfox/documentation/builders/MapSpecificationBuilder
instanceKlass springfox/documentation/builders/ModelFacetsBuilder
instanceKlass springfox/documentation/schema/ModelKeyBuilder
instanceKlass springfox/documentation/builders/QualifiedModelNameBuilder
instanceKlass springfox/documentation/builders/CollectionSpecificationBuilder
instanceKlass springfox/documentation/builders/ReferenceModelSpecificationBuilder
instanceKlass springfox/documentation/builders/EnumerationElementFacetBuilder
instanceKlass springfox/documentation/builders/ElementFacetBuilder
instanceKlass io/swagger/v3/oas/annotations/media/Schema
instanceKlass springfox/documentation/spi/schema/contexts/ModelPropertyContext
instanceKlass java/lang/SafeVarargs
instanceKlass java/util/Collections$ReverseComparator2
instanceKlass org/springframework/aop/Advisor$1
instanceKlass org/springframework/aop/framework/JdkDynamicAopProxy
instanceKlass org/springframework/plugin/core/support/AbstractTypeAwareSupport$BeansOfTypeTargetSource
instanceKlass org/springframework/core/annotation/AnnotationUtils$$Lambda$480
instanceKlass org/springframework/core/annotation/TypeMappedAnnotation$$Lambda$479
instanceKlass springfox/documentation/spring/web/json/Json
instanceKlass io/swagger/v3/oas/models/examples/Example
instanceKlass io/swagger/v3/oas/models/tags/Tag
instanceKlass io/swagger/v3/oas/models/media/XML
instanceKlass io/swagger/v3/oas/models/servers/Server
instanceKlass io/swagger/v3/oas/models/info/Contact
instanceKlass io/swagger/v3/oas/models/Components
instanceKlass io/swagger/v3/oas/models/media/Encoding
instanceKlass io/swagger/v3/oas/models/parameters/RequestBody
instanceKlass io/swagger/v3/oas/models/parameters/Parameter
instanceKlass io/swagger/v3/oas/models/responses/ApiResponse
instanceKlass io/swagger/v3/oas/models/Operation
instanceKlass io/swagger/v3/oas/models/security/SecurityScheme
instanceKlass io/swagger/v3/oas/models/media/MediaType
instanceKlass io/swagger/v3/oas/models/PathItem
instanceKlass io/swagger/v3/oas/models/media/Schema
instanceKlass io/swagger/v3/oas/models/info/License
instanceKlass io/swagger/v3/oas/models/info/Info
instanceKlass springfox/documentation/oas/configuration/OpenApiJacksonModule$NonEmptyMixin
instanceKlass io/swagger/v3/oas/models/OpenAPI
instanceKlass springfox/documentation/swagger2/configuration/Swagger2JacksonModule$PropertyExampleSerializerMixin
instanceKlass io/swagger/models/ExternalDocs
instanceKlass springfox/documentation/swagger2/configuration/Swagger2JacksonModule$ResponseSerializer
instanceKlass io/swagger/models/Response
instanceKlass io/swagger/models/SecurityRequirement
instanceKlass springfox/documentation/swagger2/configuration/Swagger2JacksonModule$CustomizedSwaggerSerializer
instanceKlass com/fasterxml/jackson/databind/jsontype/NamedType
instanceKlass com/fasterxml/jackson/databind/deser/ValueInstantiator
instanceKlass com/fasterxml/jackson/databind/PropertyNamingStrategy
instanceKlass org/springframework/http/HttpEntity
instanceKlass springfox/documentation/schema/EnumerationFacet
instanceKlass springfox/documentation/schema/NumericElementFacet
instanceKlass springfox/documentation/schema/CollectionElementFacet
instanceKlass io/swagger/models/AbstractModel
instanceKlass org/mapstruct/factory/Mappers
instanceKlass springfox/documentation/service/SimpleParameterSpecification
instanceKlass springfox/documentation/service/Representation
instanceKlass springfox/documentation/schema/ModelFacets
instanceKlass springfox/documentation/schema/StringElementFacet
instanceKlass springfox/documentation/schema/ElementFacet
instanceKlass springfox/documentation/service/ContentSpecification
instanceKlass io/swagger/models/parameters/AbstractParameter
instanceKlass springfox/documentation/service/RequestParameter
instanceKlass io/swagger/models/parameters/SerializableParameter
instanceKlass com/fasterxml/classmate/ResolvedType
instanceKlass io/swagger/models/RefModel
instanceKlass springfox/documentation/schema/Model
instanceKlass springfox/documentation/schema/ModelProperty
instanceKlass springfox/documentation/service/Parameter
instanceKlass io/swagger/models/Model
instanceKlass io/swagger/models/parameters/Parameter
instanceKlass io/swagger/models/Xml
instanceKlass springfox/documentation/schema/Xml
instanceKlass springfox/documentation/schema/ModelSpecification
instanceKlass springfox/documentation/schema/PropertySpecification
instanceKlass springfox/documentation/schema/CompoundModelSpecification
instanceKlass springfox/documentation/schema/MapSpecification
instanceKlass springfox/documentation/schema/ScalarModelSpecification
instanceKlass springfox/documentation/schema/ReferenceModelSpecification
instanceKlass springfox/documentation/schema/CollectionSpecification
instanceKlass springfox/documentation/schema/ElementFacetSource
instanceKlass springfox/documentation/service/ObjectVendorExtension
instanceKlass springfox/documentation/service/StringVendorExtension
instanceKlass springfox/documentation/service/VendorExtension
instanceKlass io/swagger/models/License
instanceKlass java/util/stream/Collectors$$Lambda$478
instanceKlass java/util/stream/Collectors$$Lambda$477
instanceKlass springfox/documentation/swagger2/mappers/SecurityMapper$$Lambda$476
instanceKlass springfox/documentation/swagger2/mappers/SecurityMapper$$Lambda$475
instanceKlass springfox/documentation/swagger2/mappers/OpenIdConnectSchemeFactory
instanceKlass springfox/documentation/swagger2/mappers/HttpAuthenticationSchemeFactory
instanceKlass springfox/documentation/swagger2/mappers/BasicAuthFactory
instanceKlass springfox/documentation/swagger2/mappers/ApiKeyAuthFactory
instanceKlass springfox/documentation/swagger2/mappers/OAuth2AuthFactory
instanceKlass springfox/documentation/swagger2/mappers/SecuritySchemeFactory
instanceKlass java/util/AbstractMap$SimpleEntry
instanceKlass springfox/documentation/service/ResourceListing
instanceKlass io/swagger/models/auth/SecuritySchemeDefinition
instanceKlass springfox/documentation/service/SecurityScheme
instanceKlass sun/reflect/annotation/AnnotationInvocationHandler$1
instanceKlass io/swagger/models/Path
instanceKlass springfox/documentation/service/ApiDescription
instanceKlass springfox/documentation/schema/ModelReference
instanceKlass springfox/documentation/service/ApiListing
instanceKlass io/swagger/models/properties/Property
instanceKlass springfox/documentation/service/Header
instanceKlass io/swagger/models/Tag
instanceKlass springfox/documentation/service/Tag
instanceKlass io/swagger/models/Operation
instanceKlass springfox/documentation/service/Operation
instanceKlass io/swagger/models/Info
instanceKlass io/swagger/models/Swagger
instanceKlass springfox/documentation/service/ModelNamesRegistry
instanceKlass springfox/documentation/service/Documentation
instanceKlass io/swagger/models/Contact
instanceKlass springfox/documentation/service/Contact
instanceKlass com/baomidou/mybatisplus/core/MybatisConfiguration$StrictMap$Ambiguity
instanceKlass com/itheima/mall/domain/SmsHomeAdvertise
instanceKlass org/springframework/objenesis/instantiator/sun/SunReflectionFactoryHelper
instanceKlass org/springframework/objenesis/instantiator/sun/SunReflectionFactoryInstantiator
instanceKlass org/springframework/objenesis/strategy/PlatformDescription
instanceKlass org/springframework/cglib/proxy/Enhancer$4
instanceKlass org/springframework/cglib/proxy/Enhancer$3
instanceKlass org/springframework/cglib/proxy/Enhancer$5
instanceKlass org/springframework/aop/ThrowsAdvice
instanceKlass org/springframework/aop/AfterReturningAdvice
instanceKlass org/springframework/aop/AfterAdvice
instanceKlass org/springframework/aop/MethodBeforeAdvice
instanceKlass org/springframework/aop/BeforeAdvice
instanceKlass org/springframework/aop/framework/AdvisedSupport$MethodCacheKey
instanceKlass org/springframework/aop/framework/CglibAopProxy$ProxyCallbackFilter
instanceKlass org/springframework/aop/framework/CglibAopProxy$HashCodeInterceptor
instanceKlass org/springframework/aop/framework/CglibAopProxy$EqualsInterceptor
instanceKlass org/springframework/aop/framework/CglibAopProxy$SerializableNoOp
instanceKlass org/springframework/aop/framework/CglibAopProxy$StaticDispatcher
instanceKlass org/springframework/aop/framework/CglibAopProxy$StaticUnadvisedInterceptor
instanceKlass org/springframework/aop/framework/CglibAopProxy$DynamicAdvisedInterceptor
instanceKlass org/springframework/aop/framework/CglibAopProxy$AdvisedDispatcher
instanceKlass org/springframework/aop/framework/CglibAopProxy
instanceKlass org/springframework/aop/framework/AopProxy
instanceKlass org/springframework/aop/framework/DefaultAopProxyFactory
